Mplus VERSION 8
MUTHEN & MUTHEN
10/24/2019  11:46 AM

INPUT INSTRUCTIONS

  TITLE:
  Bi-factor model CFA;
  DATA:
  FILE = "Mex_pobreza_14.dat";

  VARIABLE:

       NAMES = proyecto folioviv foliohog icv_muros icv_techos
               icv_pisos icv_hac isb_agua isb_dren isb_luz isb_combus
               ic_sbv ia_1ad ia_2ad ia_3ad ia_4ad ia_5ad ia_6ad
               ia_7men ia_8men ia_9men ia_10men ia_11men ia_12men
               tv_dep radio_dep fridge_dep
               washingmach_dep compu_dep inter_dep psu weight
               rururb tot_integ durables educ_hh;
  MISSING=.;
       CATEGORICAL = icv_muros icv_techos icv_pisos icv_hac isb_agua
                     isb_dren isb_luz isb_combus  ia_1ad
                     ia_2ad ia_3ad ia_4ad ia_5ad ia_6ad;
       USEVARIABLES = icv_muros icv_techos icv_pisos icv_hac isb_agua
                     isb_dren isb_luz isb_combus  ia_1ad
                     ia_2ad ia_3ad ia_4ad ia_5ad ia_6ad;

  WEIGHT=weight;
  cluster = psu;
  ANALYSIS:
  TYPE = complex;

  ESTIMATOR = wlsmv;
  PROCESS = 4;
  MODEL:
  f1 by icv_muros icv_techos icv_pisos icv_hac;
    f2 by isb_agua
          isb_dren isb_luz isb_combus;
    f3 by ia_1ad ia_2ad ia_3ad ia_4ad ia_5ad ia_6ad;
    h  by icv_muros icv_techos icv_pisos icv_hac isb_agua
          isb_dren isb_luz isb_combus ia_1ad ia_2ad
          ia_3ad ia_4ad ia_5ad ia_6ad;
    F1 with F2@0;
    F2 with F3@0;
    F3 with F1@0;
    h with f1@0;
    h with f2@0;
    h with f3@0;
  OUTPUT:
  std stdyx;



*** WARNING in VARIABLE command
  Note that only the first 8 characters of variable names are used in the output.
  Shorten variable names to avoid any confusion.
   1 WARNING(S) FOUND IN THE INPUT INSTRUCTIONS




Bi-factor model CFA;

SUMMARY OF ANALYSIS

Number of groups                                                 1
Number of observations                                       58125

Number of dependent variables                                   14
Number of independent variables                                  0
Number of continuous latent variables                            4

Observed dependent variables

  Binary and ordered categorical (ordinal)
   ICV_MURO    ICV_TECH    ICV_PISO    ICV_HAC     ISB_AGUA    ISB_DREN
   ISB_LUZ     ISB_COMB    IA_1AD      IA_2AD      IA_3AD      IA_4AD
   IA_5AD      IA_6AD

Continuous latent variables
   F1          F2          F3          H

Variables with special functions

  Cluster variable      PSU
  Weight variable       WEIGHT

Estimator                                                    WLSMV
Maximum number of iterations                                  1000
Convergence criterion                                    0.500D-04
Maximum number of steepest descent iterations                   20
Maximum number of iterations for H1                           2000
Convergence criterion for H1                             0.100D-03
Parameterization                                             DELTA
Link                                                        PROBIT

Input data file(s)
  Mex_pobreza_14.dat

Input data format  FREE


SUMMARY OF DATA

     Number of missing data patterns             3
     Number of clusters        8110



COVARIANCE COVERAGE OF DATA

Minimum covariance coverage value   0.100


     PROPORTION OF DATA PRESENT


           Covariance Coverage
              ICV_MURO      ICV_TECH      ICV_PISO      ICV_HAC       ISB_AGUA
              ________      ________      ________      ________      ________
 ICV_MURO       1.000
 ICV_TECH       1.000         1.000
 ICV_PISO       1.000         1.000         1.000
 ICV_HAC        1.000         1.000         1.000         1.000
 ISB_AGUA       1.000         1.000         1.000         1.000         1.000
 ISB_DREN       1.000         1.000         1.000         1.000         1.000
 ISB_LUZ        1.000         1.000         1.000         1.000         1.000
 ISB_COMB       1.000         1.000         1.000         1.000         1.000
 IA_1AD         1.000         1.000         1.000         1.000         1.000
 IA_2AD         1.000         1.000         1.000         1.000         1.000
 IA_3AD         1.000         1.000         1.000         1.000         1.000
 IA_4AD         1.000         1.000         1.000         1.000         1.000
 IA_5AD         1.000         1.000         1.000         1.000         1.000
 IA_6AD         1.000         1.000         1.000         1.000         1.000


           Covariance Coverage
              ISB_DREN      ISB_LUZ       ISB_COMB      IA_1AD        IA_2AD
              ________      ________      ________      ________      ________
 ISB_DREN       1.000
 ISB_LUZ        1.000         1.000
 ISB_COMB       1.000         1.000         1.000
 IA_1AD         1.000         1.000         1.000         1.000
 IA_2AD         1.000         1.000         1.000         1.000         1.000
 IA_3AD         1.000         1.000         1.000         1.000         1.000
 IA_4AD         1.000         1.000         1.000         1.000         1.000
 IA_5AD         1.000         1.000         1.000         1.000         1.000
 IA_6AD         1.000         1.000         1.000         1.000         1.000


           Covariance Coverage
              IA_3AD        IA_4AD        IA_5AD        IA_6AD
              ________      ________      ________      ________
 IA_3AD         1.000
 IA_4AD         1.000         1.000
 IA_5AD         1.000         1.000         1.000
 IA_6AD         1.000         1.000         1.000         1.000


UNIVARIATE PROPORTIONS AND COUNTS FOR CATEGORICAL VARIABLES

    ICV_MURO
      Category 1    0.983        57163.397
      Category 2    0.017          961.603
    ICV_TECH
      Category 1    0.984        57218.026
      Category 2    0.016          906.974
    ICV_PISO
      Category 1    0.970        56376.808
      Category 2    0.030         1747.194
    ICV_HAC
      Category 1    0.944        54875.802
      Category 2    0.056         3249.198
    ISB_AGUA
      Category 1    0.923        53622.753
      Category 2    0.077         4502.247
    ISB_DREN
      Category 1    0.925        53760.295
      Category 2    0.075         4364.705
    ISB_LUZ
      Category 1    0.992        57679.303
      Category 2    0.008          445.697
    ISB_COMB
      Category 1    0.880        51124.977
      Category 2    0.120         6998.743
    IA_1AD
      Category 1    0.667        38748.017
      Category 2    0.333        19376.983
    IA_2AD
      Category 1    0.841        48862.095
      Category 2    0.159         9262.905
    IA_3AD
      Category 1    0.751        43634.963
      Category 2    0.249        14490.037
    IA_4AD
      Category 1    0.860        49975.132
      Category 2    0.140         8149.868
    IA_5AD
      Category 1    0.836        48593.230
      Category 2    0.164         9531.770
    IA_6AD
      Category 1    0.877        50995.758
      Category 2    0.123         7129.242



THE MODEL ESTIMATION TERMINATED NORMALLY



MODEL FIT INFORMATION

Number of Free Parameters                       42

Chi-Square Test of Model Fit

          Value                            605.930*
          Degrees of Freedom                    63
          P-Value                           0.0000

*   The chi-square value for MLM, MLMV, MLR, ULSMV, WLSM and WLSMV cannot be used
    for chi-square difference testing in the regular way.  MLM, MLR and WLSM
    chi-square difference testing is described on the Mplus website.  MLMV, WLSMV,
    and ULSMV difference testing is done using the DIFFTEST option.

RMSEA (Root Mean Square Error Of Approximation)

          Estimate                           0.012
          90 Percent C.I.                    0.011  0.013
          Probability RMSEA <= .05           1.000

CFI/TLI

          CFI                                0.998
          TLI                                0.997

Chi-Square Test of Model Fit for the Baseline Model

          Value                         299060.315
          Degrees of Freedom                    91
          P-Value                           0.0000

WRMR (Weighted Root Mean Square Residual)

          Value                              2.143



MODEL RESULTS

                                                    Two-Tailed
                    Estimate       S.E.  Est./S.E.    P-Value

 F1       BY
    ICV_MUROS          1.000      0.000    999.000    999.000
    ICV_TECHOS         0.682      0.198      3.450      0.001
    ICV_PISOS          0.412      0.108      3.797      0.000
    ICV_HAC            0.208      0.078      2.652      0.008

 F2       BY
    ISB_AGUA           1.000      0.000    999.000    999.000
    ISB_DREN           1.242      0.203      6.117      0.000
    ISB_LUZ            0.955      0.155      6.163      0.000
    ISB_COMBUS         0.539      0.086      6.275      0.000

 F3       BY
    IA_1AD             1.000      0.000    999.000    999.000
    IA_2AD             1.142      0.010    109.235      0.000
    IA_3AD             1.102      0.009    128.286      0.000
    IA_4AD             1.009      0.012     87.712      0.000
    IA_5AD             1.119      0.011    101.257      0.000
    IA_6AD             1.090      0.011     99.242      0.000

 H        BY
    ICV_MUROS          1.000      0.000    999.000    999.000
    ICV_TECHOS         0.953      0.064     14.804      0.000
    ICV_PISOS          1.308      0.063     20.902      0.000
    ICV_HAC            1.036      0.053     19.441      0.000
    ISB_AGUA           0.952      0.061     15.720      0.000
    ISB_DREN           1.096      0.066     16.654      0.000
    ISB_LUZ            1.101      0.080     13.775      0.000
    ISB_COMBUS         1.361      0.074     18.393      0.000
    IA_1AD             0.921      0.048     19.043      0.000
    IA_2AD             0.723      0.042     17.057      0.000
    IA_3AD             0.827      0.044     18.618      0.000
    IA_4AD             0.768      0.042     18.204      0.000
    IA_5AD             0.694      0.041     16.796      0.000
    IA_6AD             0.701      0.042     16.710      0.000

 F1       WITH
    F2                 0.000      0.000    999.000    999.000
    F3                 0.000      0.000    999.000    999.000
    H                  0.000      0.000    999.000    999.000

 F2       WITH
    F3                 0.000      0.000    999.000    999.000
    H                  0.000      0.000    999.000    999.000

 H        WITH
    F3                 0.000      0.000    999.000    999.000

 Thresholds
    ICV_MURO$1         2.131      0.025     86.505      0.000
    ICV_TECH$1         2.154      0.023     95.280      0.000
    ICV_PISO$1         1.880      0.020     92.746      0.000
    ICV_HAC$1          1.590      0.015    108.128      0.000
    ISB_AGUA$1         1.422      0.025     57.520      0.000
    ISB_DREN$1         1.439      0.025     58.469      0.000
    ISB_LUZ$1          2.424      0.031     78.330      0.000
    ISB_COMB$1         1.173      0.023     51.332      0.000
    IA_1AD$1           0.431      0.011     39.020      0.000
    IA_2AD$1           0.997      0.011     92.842      0.000
    IA_3AD$1           0.677      0.010     64.796      0.000
    IA_4AD$1           1.079      0.011     98.091      0.000
    IA_5AD$1           0.978      0.011     88.974      0.000
    IA_6AD$1           1.162      0.012     96.972      0.000

 Variances
    F1                 0.329      0.100      3.283      0.001
    F2                 0.179      0.038      4.772      0.000
    F3                 0.574      0.013     45.035      0.000
    H                  0.313      0.029     10.794      0.000


STANDARDIZED MODEL RESULTS


STDYX Standardization

                                                    Two-Tailed
                    Estimate       S.E.  Est./S.E.    P-Value

 F1       BY
    ICV_MUROS          0.574      0.087      6.567      0.000
    ICV_TECHOS         0.391      0.067      5.816      0.000
    ICV_PISOS          0.236      0.043      5.562      0.000
    ICV_HAC            0.119      0.041      2.940      0.003

 F2       BY
    ISB_AGUA           0.423      0.044      9.545      0.000
    ISB_DREN           0.526      0.048     10.866      0.000
    ISB_LUZ            0.404      0.058      6.982      0.000
    ISB_COMBUS         0.228      0.035      6.494      0.000

 F3       BY
    IA_1AD             0.758      0.008     90.069      0.000
    IA_2AD             0.865      0.007    121.466      0.000
    IA_3AD             0.835      0.007    112.128      0.000
    IA_4AD             0.765      0.008     93.125      0.000
    IA_5AD             0.848      0.007    116.648      0.000
    IA_6AD             0.826      0.008    102.750      0.000

 H        BY
    ICV_MUROS          0.560      0.026     21.587      0.000
    ICV_TECHOS         0.534      0.029     18.442      0.000
    ICV_PISOS          0.732      0.018     41.306      0.000
    ICV_HAC            0.580      0.017     33.798      0.000
    ISB_AGUA           0.533      0.022     24.450      0.000
    ISB_DREN           0.613      0.021     29.294      0.000
    ISB_LUZ            0.616      0.032     19.433      0.000
    ISB_COMBUS         0.762      0.017     45.617      0.000
    IA_1AD             0.515      0.012     41.312      0.000
    IA_2AD             0.405      0.014     28.121      0.000
    IA_3AD             0.463      0.014     34.199      0.000
    IA_4AD             0.430      0.014     30.687      0.000
    IA_5AD             0.388      0.015     26.729      0.000
    IA_6AD             0.392      0.015     25.815      0.000

 F1       WITH
    F2                 0.000      0.000    999.000    999.000
    F3                 0.000      0.000    999.000    999.000
    H                  0.000      0.000    999.000    999.000

 F2       WITH
    F3                 0.000      0.000    999.000    999.000
    H                  0.000      0.000    999.000    999.000

 H        WITH
    F3                 0.000      0.000    999.000    999.000

 Thresholds
    ICV_MURO$1         2.131      0.025     86.505      0.000
    ICV_TECH$1         2.154      0.023     95.280      0.000
    ICV_PISO$1         1.880      0.020     92.746      0.000
    ICV_HAC$1          1.590      0.015    108.128      0.000
    ISB_AGUA$1         1.422      0.025     57.520      0.000
    ISB_DREN$1         1.439      0.025     58.469      0.000
    ISB_LUZ$1          2.424      0.031     78.330      0.000
    ISB_COMB$1         1.173      0.023     51.332      0.000
    IA_1AD$1           0.431      0.011     39.020      0.000
    IA_2AD$1           0.997      0.011     92.842      0.000
    IA_3AD$1           0.677      0.010     64.796      0.000
    IA_4AD$1           1.079      0.011     98.091      0.000
    IA_5AD$1           0.978      0.011     88.974      0.000
    IA_6AD$1           1.162      0.012     96.972      0.000

 Variances
    F1                 1.000      0.000    999.000    999.000
    F2                 1.000      0.000    999.000    999.000
    F3                 1.000      0.000    999.000    999.000
    H                  1.000      0.000    999.000    999.000


STD Standardization

                                                    Two-Tailed
                    Estimate       S.E.  Est./S.E.    P-Value

 F1       BY
    ICV_MUROS          0.574      0.087      6.567      0.000
    ICV_TECHOS         0.391      0.067      5.816      0.000
    ICV_PISOS          0.236      0.043      5.562      0.000
    ICV_HAC            0.119      0.041      2.940      0.003

 F2       BY
    ISB_AGUA           0.423      0.044      9.545      0.000
    ISB_DREN           0.526      0.048     10.866      0.000
    ISB_LUZ            0.404      0.058      6.982      0.000
    ISB_COMBUS         0.228      0.035      6.494      0.000

 F3       BY
    IA_1AD             0.758      0.008     90.069      0.000
    IA_2AD             0.865      0.007    121.466      0.000
    IA_3AD             0.835      0.007    112.128      0.000
    IA_4AD             0.765      0.008     93.125      0.000
    IA_5AD             0.848      0.007    116.648      0.000
    IA_6AD             0.826      0.008    102.750      0.000

 H        BY
    ICV_MUROS          0.560      0.026     21.587      0.000
    ICV_TECHOS         0.534      0.029     18.442      0.000
    ICV_PISOS          0.732      0.018     41.306      0.000
    ICV_HAC            0.580      0.017     33.798      0.000
    ISB_AGUA           0.533      0.022     24.450      0.000
    ISB_DREN           0.613      0.021     29.294      0.000
    ISB_LUZ            0.616      0.032     19.433      0.000
    ISB_COMBUS         0.762      0.017     45.617      0.000
    IA_1AD             0.515      0.012     41.312      0.000
    IA_2AD             0.405      0.014     28.121      0.000
    IA_3AD             0.463      0.014     34.199      0.000
    IA_4AD             0.430      0.014     30.687      0.000
    IA_5AD             0.388      0.015     26.729      0.000
    IA_6AD             0.392      0.015     25.815      0.000

 F1       WITH
    F2                 0.000      0.000    999.000    999.000
    F3                 0.000      0.000    999.000    999.000
    H                  0.000      0.000    999.000    999.000

 F2       WITH
    F3                 0.000      0.000    999.000    999.000
    H                  0.000      0.000    999.000    999.000

 H        WITH
    F3                 0.000      0.000    999.000    999.000

 Thresholds
    ICV_MURO$1         2.131      0.025     86.505      0.000
    ICV_TECH$1         2.154      0.023     95.280      0.000
    ICV_PISO$1         1.880      0.020     92.746      0.000
    ICV_HAC$1          1.590      0.015    108.128      0.000
    ISB_AGUA$1         1.422      0.025     57.520      0.000
    ISB_DREN$1         1.439      0.025     58.469      0.000
    ISB_LUZ$1          2.424      0.031     78.330      0.000
    ISB_COMB$1         1.173      0.023     51.332      0.000
    IA_1AD$1           0.431      0.011     39.020      0.000
    IA_2AD$1           0.997      0.011     92.842      0.000
    IA_3AD$1           0.677      0.010     64.796      0.000
    IA_4AD$1           1.079      0.011     98.091      0.000
    IA_5AD$1           0.978      0.011     88.974      0.000
    IA_6AD$1           1.162      0.012     96.972      0.000

 Variances
    F1                 1.000      0.000    999.000    999.000
    F2                 1.000      0.000    999.000    999.000
    F3                 1.000      0.000    999.000    999.000
    H                  1.000      0.000    999.000    999.000


R-SQUARE

    Observed                                        Two-Tailed   Residual
    Variable        Estimate       S.E.  Est./S.E.    P-Value    Variance

    ICV_MURO           0.643      0.090      7.125      0.000      0.357
    ICV_TECH           0.438      0.043     10.177      0.000      0.562
    ICV_PISO           0.591      0.023     25.741      0.000      0.409
    ICV_HAC            0.351      0.017     20.280      0.000      0.649
    ISB_AGUA           0.463      0.032     14.692      0.000      0.537
    ISB_DREN           0.653      0.044     14.988      0.000      0.347
    ISB_LUZ            0.543      0.039     14.002      0.000      0.457
    ISB_COMB           0.632      0.021     30.145      0.000      0.368
    IA_1AD             0.840      0.007    119.400      0.000      0.160
    IA_2AD             0.912      0.004    227.881      0.000      0.088
    IA_3AD             0.911      0.004    222.567      0.000      0.089
    IA_4AD             0.770      0.007    118.112      0.000      0.230
    IA_5AD             0.870      0.005    183.964      0.000      0.130
    IA_6AD             0.837      0.006    132.243      0.000      0.163


QUALITY OF NUMERICAL RESULTS

     Condition Number for the Information Matrix              0.982E-05
       (ratio of smallest to largest eigenvalue)


     Beginning Time:  11:46:54
        Ending Time:  11:47:08
       Elapsed Time:  00:00:14



MUTHEN & MUTHEN
3463 Stoner Ave.
Los Angeles, CA  90066

Tel: (310) 391-9971
Fax: (310) 391-8971
Web: www.StatModel.com
Support: Support@StatModel.com

Copyright (c) 1998-2017 Muthen & Muthen
