Mplus VERSION 8
MUTHEN & MUTHEN
10/24/2019  11:46 AM

INPUT INSTRUCTIONS

  TITLE:
  Bi-factor model CFA;
  DATA:
  FILE = "Rel_MD_data_1_1.dat";

  VARIABLE:

       NAMES = x1-x11 resources educ_yr occupation class;
       CATEGORICAL = x1-x9;
       USEVARIABLES = x1-x9;
  ANALYSIS:
  ESTIMATOR = wlsmv;
                PROCESS = 4;
  MODEL:
  f1 by x1-x3;
    f2 by x4-x6;
    f3 by x7-x9;
    h by x1 x2 x3 x4 x4 x5 x6 x7 x8 x9;
    F1 with F2@0;
    F2 with F3@0;
    F3 with F1@0;
    h with f1@0;
    h with f2@0;
    h with f3@0;
  OUTPUT:
  std stdyx;



INPUT READING TERMINATED NORMALLY




Bi-factor model CFA;

SUMMARY OF ANALYSIS

Number of groups                                                 1
Number of observations                                        5000

Number of dependent variables                                    9
Number of independent variables                                  0
Number of continuous latent variables                            4

Observed dependent variables

  Binary and ordered categorical (ordinal)
   X1          X2          X3          X4          X5          X6
   X7          X8          X9

Continuous latent variables
   F1          F2          F3          H


Estimator                                                    WLSMV
Maximum number of iterations                                  1000
Convergence criterion                                    0.500D-04
Maximum number of steepest descent iterations                   20
Parameterization                                             DELTA
Link                                                        PROBIT

Input data file(s)
  Rel_MD_data_1_1.dat

Input data format  FREE


UNIVARIATE PROPORTIONS AND COUNTS FOR CATEGORICAL VARIABLES

    X1
      Category 1    0.505         2523.000
      Category 2    0.495         2477.000
    X2
      Category 1    0.706         3532.000
      Category 2    0.294         1468.000
    X3
      Category 1    0.837         4186.000
      Category 2    0.163          814.000
    X4
      Category 1    0.514         2570.000
      Category 2    0.486         2430.000
    X5
      Category 1    0.711         3553.000
      Category 2    0.289         1447.000
    X6
      Category 1    0.843         4214.000
      Category 2    0.157          786.000
    X7
      Category 1    0.549         2746.000
      Category 2    0.451         2254.000
    X8
      Category 1    0.744         3718.000
      Category 2    0.256         1282.000
    X9
      Category 1    0.843         4215.000
      Category 2    0.157          785.000



THE MODEL ESTIMATION TERMINATED NORMALLY



MODEL FIT INFORMATION

Number of Free Parameters                       27

Chi-Square Test of Model Fit

          Value                             11.798*
          Degrees of Freedom                    18
          P-Value                           0.8575

*   The chi-square value for MLM, MLMV, MLR, ULSMV, WLSM and WLSMV cannot be used
    for chi-square difference testing in the regular way.  MLM, MLR and WLSM
    chi-square difference testing is described on the Mplus website.  MLMV, WLSMV,
    and ULSMV difference testing is done using the DIFFTEST option.

RMSEA (Root Mean Square Error Of Approximation)

          Estimate                           0.000
          90 Percent C.I.                    0.000  0.007
          Probability RMSEA <= .05           1.000

CFI/TLI

          CFI                                1.000
          TLI                                1.000

Chi-Square Test of Model Fit for the Baseline Model

          Value                          42356.857
          Degrees of Freedom                    36
          P-Value                           0.0000

WRMR (Weighted Root Mean Square Residual)

          Value                              0.333



MODEL RESULTS

                                                    Two-Tailed
                    Estimate       S.E.  Est./S.E.    P-Value

 F1       BY
    X1                 1.000      0.000    999.000    999.000
    X2                 1.153      0.101     11.415      0.000
    X3                 1.063      0.083     12.780      0.000

 F2       BY
    X4                 1.000      0.000    999.000    999.000
    X5                 1.090      0.081     13.448      0.000
    X6                 1.047      0.073     14.358      0.000

 F3       BY
    X7                 1.000      0.000    999.000    999.000
    X8                 1.128      0.077     14.686      0.000
    X9                 1.104      0.072     15.257      0.000

 H        BY
    X1                 1.000      0.000    999.000    999.000
    X2                 0.943      0.020     46.689      0.000
    X3                 0.931      0.024     38.030      0.000
    X4                 0.988      0.026     37.329      0.000
    X5                 0.964      0.027     35.654      0.000
    X6                 0.902      0.029     30.612      0.000
    X7                 1.018      0.026     38.640      0.000
    X8                 0.961      0.028     34.960      0.000
    X9                 0.933      0.030     31.519      0.000

 F1       WITH
    F2                 0.000      0.000    999.000    999.000
    F3                 0.000      0.000    999.000    999.000
    H                  0.000      0.000    999.000    999.000

 F2       WITH
    F3                 0.000      0.000    999.000    999.000
    H                  0.000      0.000    999.000    999.000

 H        WITH
    F3                 0.000      0.000    999.000    999.000

 Thresholds
    X1$1               0.012      0.018      0.651      0.515
    X2$1               0.543      0.019     29.021      0.000
    X3$1               0.983      0.021     46.332      0.000
    X4$1               0.035      0.018      1.980      0.048
    X5$1               0.555      0.019     29.602      0.000
    X6$1               1.006      0.021     47.005      0.000
    X7$1               0.124      0.018      6.956      0.000
    X8$1               0.654      0.019     34.131      0.000
    X9$1               1.007      0.021     47.029      0.000

 Variances
    F1                 0.206      0.026      8.055      0.000
    F2                 0.239      0.026      9.316      0.000
    F3                 0.229      0.024      9.687      0.000
    H                  0.616      0.022     27.489      0.000


STANDARDIZED MODEL RESULTS


STDYX Standardization

                                                    Two-Tailed
                    Estimate       S.E.  Est./S.E.    P-Value

 F1       BY
    X1                 0.453      0.028     16.110      0.000
    X2                 0.523      0.030     17.284      0.000
    X3                 0.482      0.032     15.211      0.000

 F2       BY
    X4                 0.489      0.026     18.632      0.000
    X5                 0.533      0.027     19.578      0.000
    X6                 0.512      0.031     16.613      0.000

 F3       BY
    X7                 0.478      0.025     19.374      0.000
    X8                 0.540      0.026     20.427      0.000
    X9                 0.528      0.029     17.935      0.000

 H        BY
    X1                 0.785      0.014     54.977      0.000
    X2                 0.740      0.015     47.746      0.000
    X3                 0.730      0.018     41.013      0.000
    X4                 0.776      0.014     54.633      0.000
    X5                 0.756      0.015     50.269      0.000
    X6                 0.708      0.018     38.773      0.000
    X7                 0.799      0.014     58.763      0.000
    X8                 0.754      0.015     48.921      0.000
    X9                 0.732      0.018     40.730      0.000

 F1       WITH
    F2                 0.000      0.000    999.000    999.000
    F3                 0.000      0.000    999.000    999.000
    H                  0.000      0.000    999.000    999.000

 F2       WITH
    F3                 0.000      0.000    999.000    999.000
    H                  0.000      0.000    999.000    999.000

 H        WITH
    F3                 0.000      0.000    999.000    999.000

 Thresholds
    X1$1               0.012      0.018      0.651      0.515
    X2$1               0.543      0.019     29.021      0.000
    X3$1               0.983      0.021     46.332      0.000
    X4$1               0.035      0.018      1.980      0.048
    X5$1               0.555      0.019     29.602      0.000
    X6$1               1.006      0.021     47.005      0.000
    X7$1               0.124      0.018      6.956      0.000
    X8$1               0.654      0.019     34.131      0.000
    X9$1               1.007      0.021     47.029      0.000

 Variances
    F1                 1.000      0.000    999.000    999.000
    F2                 1.000      0.000    999.000    999.000
    F3                 1.000      0.000    999.000    999.000
    H                  1.000      0.000    999.000    999.000


STD Standardization

                                                    Two-Tailed
                    Estimate       S.E.  Est./S.E.    P-Value

 F1       BY
    X1                 0.453      0.028     16.110      0.000
    X2                 0.523      0.030     17.284      0.000
    X3                 0.482      0.032     15.211      0.000

 F2       BY
    X4                 0.489      0.026     18.632      0.000
    X5                 0.533      0.027     19.578      0.000
    X6                 0.512      0.031     16.613      0.000

 F3       BY
    X7                 0.478      0.025     19.374      0.000
    X8                 0.540      0.026     20.427      0.000
    X9                 0.528      0.029     17.935      0.000

 H        BY
    X1                 0.785      0.014     54.977      0.000
    X2                 0.740      0.015     47.746      0.000
    X3                 0.730      0.018     41.013      0.000
    X4                 0.776      0.014     54.633      0.000
    X5                 0.756      0.015     50.269      0.000
    X6                 0.708      0.018     38.773      0.000
    X7                 0.799      0.014     58.763      0.000
    X8                 0.754      0.015     48.921      0.000
    X9                 0.732      0.018     40.730      0.000

 F1       WITH
    F2                 0.000      0.000    999.000    999.000
    F3                 0.000      0.000    999.000    999.000
    H                  0.000      0.000    999.000    999.000

 F2       WITH
    F3                 0.000      0.000    999.000    999.000
    H                  0.000      0.000    999.000    999.000

 H        WITH
    F3                 0.000      0.000    999.000    999.000

 Thresholds
    X1$1               0.012      0.018      0.651      0.515
    X2$1               0.543      0.019     29.021      0.000
    X3$1               0.983      0.021     46.332      0.000
    X4$1               0.035      0.018      1.980      0.048
    X5$1               0.555      0.019     29.602      0.000
    X6$1               1.006      0.021     47.005      0.000
    X7$1               0.124      0.018      6.956      0.000
    X8$1               0.654      0.019     34.131      0.000
    X9$1               1.007      0.021     47.029      0.000

 Variances
    F1                 1.000      0.000    999.000    999.000
    F2                 1.000      0.000    999.000    999.000
    F3                 1.000      0.000    999.000    999.000
    H                  1.000      0.000    999.000    999.000


R-SQUARE

    Observed                                        Two-Tailed   Residual
    Variable        Estimate       S.E.  Est./S.E.    P-Value    Variance

    X1                 0.821      0.020     41.658      0.000      0.179
    X2                 0.821      0.024     34.627      0.000      0.179
    X3                 0.766      0.023     33.370      0.000      0.234
    X4                 0.840      0.019     44.536      0.000      0.160
    X5                 0.855      0.021     40.934      0.000      0.145
    X6                 0.762      0.023     32.960      0.000      0.238
    X7                 0.867      0.017     49.887      0.000      0.133
    X8                 0.860      0.019     44.371      0.000      0.140
    X9                 0.815      0.021     39.482      0.000      0.185


QUALITY OF NUMERICAL RESULTS

     Condition Number for the Information Matrix              0.409E-03
       (ratio of smallest to largest eigenvalue)


     Beginning Time:  11:46:48
        Ending Time:  11:46:48
       Elapsed Time:  00:00:00



MUTHEN & MUTHEN
3463 Stoner Ave.
Los Angeles, CA  90066

Tel: (310) 391-9971
Fax: (310) 391-8971
Web: www.StatModel.com
Support: Support@StatModel.com

Copyright (c) 1998-2017 Muthen & Muthen
