Mplus VERSION 8
MUTHEN & MUTHEN
09/23/2019   3:47 PM

INPUT INSTRUCTIONS

  MONTECARLO:
  NAMES=U1-U15 y1 x1 x2 x3;
                    GENERATE = U1-U15(1);
                    CATEGORICAL = U1-U15;
                    GENCLASSES = c(2);
                    CLASSES = c(2);
                    NOBS = 5000;
                    SEED = 3454367;
                    NREP = 1;
                    SAVE = Rel_MD_data_2_*.dat;
                    REPSAVE = all;
  MODEL POPULATION:
  %OVERALL%

  x3@4;
  [x3@3];

  x2@7
  [x2@7];

  x1@5;
  [x1@9];

  x3 with x1@-.6;


  [c#1*-.4];
  [y1@5000];
  y1@1000000;

   f1 by u1@2.6
                 u2@2.2
                 u3@1.9
                  u10@.1
                  u11@.1;

    f2 by u4@2.6
                 u5@2.2
                 u6@1.9
                 u12@.2
                 u15@.04;



    f3 by  u7@2.9
                 u8@2.3
                 u9@2.1
                 u13@.1
                 u14@.1;


    f1@1; f2@1; f3@1;


               [u1$1@-5]
               [u2$1@-2]
               [u3$1@.1]
               [u4$1@-4.8]
               [u5$1@-1.8]
               [u6$1@.1]
               [u7$1@-4.9]
               [u8$1@-1.5]
               [u9$1@.1]
               [u10$1@.5]
               [u11$1@.5]
               [u12$1@.6]
               [u13$1@.7]
               [u14$1@.8]
               [u15$1@.9];


  f by f1@1.1 f2@1.1 f3@1.1;

  f on y1@-.0004;
  f on x1@-.05;
  f on x2$1@.05;


  [f@0];
  f@1;

  %c#1%

      [y1@6000];
      y1@2500000;

  x3@2;
  [x3@2.5];

      x1@4;
     [x1@11];

     x2@3;
     [x2@4];


  %c#2%

    [y1@3000];
    y1@1000000;

  x3@4;
  [x3@4];

    x1@4;
     [x1@7.5];

       x2@7;
     [x2@7];
  ANALYSIS:
  TYPE = MIXTURE;
                    ALGORITHM=INTEGRATION;
                    PROCESS=8;



*** WARNING in MODEL command
  All variables are uncorrelated with all other variables within class.
  Check that this is what is intended.
   1 WARNING(S) FOUND IN THE INPUT INSTRUCTIONS




SUMMARY OF ANALYSIS

Number of groups                                                 1
Number of observations                                        5000

Number of replications
    Requested                                                    1
    Completed                                                    1
Value of seed                                              3454367

Number of dependent variables                                   19
Number of independent variables                                  0
Number of continuous latent variables                            0
Number of categorical latent variables                           1

Observed dependent variables

  Continuous
   Y1          X1          X2          X3

  Binary and ordered categorical (ordinal)
   U1          U2          U3          U4          U5          U6
   U7          U8          U9          U10         U11         U12
   U13         U14         U15

Categorical latent variables
   C


Estimator                                                      MLR
Information matrix                                        OBSERVED
Optimization Specifications for the Quasi-Newton Algorithm for
Continuous Outcomes
  Maximum number of iterations                                 100
  Convergence criterion                                  0.100D-05
Optimization Specifications for the EM Algorithm
  Maximum number of iterations                                 500
  Convergence criteria
    Loglikelihood change                                 0.100D-02
    Relative loglikelihood change                        0.100D-05
    Derivative                                           0.100D-02
Optimization Specifications for the M step of the EM Algorithm for
Categorical Latent variables
  Number of M step iterations                                    1
  M step convergence criterion                           0.100D-02
  Basis for M step termination                           ITERATION
Optimization Specifications for the M step of the EM Algorithm for
Censored, Binary or Ordered Categorical (Ordinal), Unordered
Categorical (Nominal) and Count Outcomes
  Number of M step iterations                                    1
  M step convergence criterion                           0.100D-02
  Basis for M step termination                           ITERATION
  Maximum value for logit thresholds                            15
  Minimum value for logit thresholds                           -15
  Minimum expected cell size for chi-square              0.100D-01
Optimization algorithm                                         EMA
Integration Specifications
  Type                                                    STANDARD
  Number of integration points                                  15
  Dimensions of numerical integration                            0
  Adaptive quadrature                                           ON
Link                                                         LOGIT
Cholesky                                                       OFF


SAMPLE STATISTICS FOR THE FIRST REPLICATION


     SAMPLE STATISTICS


           Means
              Y1            X1            X2            X3
              ________      ________      ________      ________
             4176.515         8.870         5.798         3.390


           Covariances
              Y1            X1            X2            X3
              ________      ________      ________      ________
 Y1       3813270.866
 X1          2552.970         7.159
 X2         -2149.965        -2.593         7.531
 X3         -1021.155        -1.883         1.115         3.654


           Correlations
              Y1            X1            X2            X3
              ________      ________      ________      ________
 Y1             1.000
 X1             0.489         1.000
 X2            -0.401        -0.353         1.000
 X3            -0.274        -0.368         0.213         1.000




MODEL FIT INFORMATION

Number of Free Parameters                       43

Loglikelihood

    H0 Value

        Mean                           -116767.876
        Std Dev                              0.000
        Number of successful computations        1

             Proportions                   Percentiles
        Expected    Observed         Expected       Observed
           0.990       0.000      -116767.876    -116767.876
           0.980       0.000      -116767.876    -116767.876
           0.950       0.000      -116767.876    -116767.876
           0.900       0.000      -116767.876    -116767.876
           0.800       0.000      -116767.876    -116767.876
           0.700       0.000      -116767.876    -116767.876
           0.500       0.000      -116767.876    -116767.876
           0.300       0.000      -116767.876    -116767.876
           0.200       0.000      -116767.876    -116767.876
           0.100       0.000      -116767.876    -116767.876
           0.050       0.000      -116767.876    -116767.876
           0.020       0.000      -116767.876    -116767.876
           0.010       0.000      -116767.876    -116767.876

Information Criteria

    Akaike (AIC)

        Mean                            233621.752
        Std Dev                              0.000
        Number of successful computations        1

             Proportions                   Percentiles
        Expected    Observed         Expected       Observed
           0.990       0.000       233621.752     233621.752
           0.980       0.000       233621.752     233621.752
           0.950       0.000       233621.752     233621.752
           0.900       0.000       233621.752     233621.752
           0.800       0.000       233621.752     233621.752
           0.700       0.000       233621.752     233621.752
           0.500       0.000       233621.752     233621.752
           0.300       0.000       233621.752     233621.752
           0.200       0.000       233621.752     233621.752
           0.100       0.000       233621.752     233621.752
           0.050       0.000       233621.752     233621.752
           0.020       0.000       233621.752     233621.752
           0.010       0.000       233621.752     233621.752

    Bayesian (BIC)

        Mean                            233901.991
        Std Dev                              0.000
        Number of successful computations        1

             Proportions                   Percentiles
        Expected    Observed         Expected       Observed
           0.990       0.000       233901.991     233901.991
           0.980       0.000       233901.991     233901.991
           0.950       0.000       233901.991     233901.991
           0.900       0.000       233901.991     233901.991
           0.800       0.000       233901.991     233901.991
           0.700       0.000       233901.991     233901.991
           0.500       0.000       233901.991     233901.991
           0.300       0.000       233901.991     233901.991
           0.200       0.000       233901.991     233901.991
           0.100       0.000       233901.991     233901.991
           0.050       0.000       233901.991     233901.991
           0.020       0.000       233901.991     233901.991
           0.010       0.000       233901.991     233901.991

    Sample-Size Adjusted BIC (n* = (n + 2) / 24)

        Mean                            233765.352
        Std Dev                              0.000
        Number of successful computations        1

             Proportions                   Percentiles
        Expected    Observed         Expected       Observed
           0.990       0.000       233765.352     233765.352
           0.980       0.000       233765.352     233765.352
           0.950       0.000       233765.352     233765.352
           0.900       0.000       233765.352     233765.352
           0.800       0.000       233765.352     233765.352
           0.700       0.000       233765.352     233765.352
           0.500       0.000       233765.352     233765.352
           0.300       0.000       233765.352     233765.352
           0.200       0.000       233765.352     233765.352
           0.100       0.000       233765.352     233765.352
           0.050       0.000       233765.352     233765.352
           0.020       0.000       233765.352     233765.352
           0.010       0.000       233765.352     233765.352

Chi-Square Test of Model Fit for the Binary and Ordered Categorical
(Ordinal) Outcomes

    Pearson Chi-Square

        Mean                             26641.170
        Std Dev                              0.000
        Degrees of freedom                   32713
        Number of successful computations        1

             Proportions                   Percentiles
        Expected    Observed         Expected       Observed
           0.990       0.000        32120.898      26641.170
           0.980       0.000        32189.829      26641.170
           0.950       0.000        32293.411      26641.170
           0.900       0.000        32385.629      26641.170
           0.800       0.000        32497.534      26641.170
           0.700       0.000        32578.384      26641.170
           0.500       0.000        32712.333      26641.170
           0.300       0.000        32846.649      26641.170
           0.200       0.000        32928.077      26641.170
           0.100       0.000        33041.227      26641.170
           0.050       0.000        33134.863      26641.170
           0.020       0.000        33240.461      26641.170
           0.010       0.000        33310.985      26641.170

    Likelihood Ratio Chi-Square

        Mean                              9630.059
        Std Dev                              0.000
        Degrees of freedom                   32713
        Number of successful computations        1

             Proportions                   Percentiles
        Expected    Observed         Expected       Observed
           0.990       0.000        32120.898       9630.059
           0.980       0.000        32189.829       9630.059
           0.950       0.000        32293.411       9630.059
           0.900       0.000        32385.629       9630.059
           0.800       0.000        32497.534       9630.059
           0.700       0.000        32578.384       9630.059
           0.500       0.000        32712.333       9630.059
           0.300       0.000        32846.649       9630.059
           0.200       0.000        32928.077       9630.059
           0.100       0.000        33041.227       9630.059
           0.050       0.000        33134.863       9630.059
           0.020       0.000        33240.461       9630.059
           0.010       0.000        33310.985       9630.059



FINAL CLASS COUNTS AND PROPORTIONS FOR THE LATENT CLASSES
BASED ON THE ESTIMATED MODEL

    Latent
   Classes

       1       2689.93154          0.53799
       2       2310.06846          0.46201


FINAL CLASS COUNTS AND PROPORTIONS FOR THE LATENT CLASSES
BASED ON ESTIMATED POSTERIOR PROBABILITIES

    Latent
   Classes

       1       2689.62095          0.53792
       2       2310.37905          0.46208


FINAL CLASS COUNTS AND PROPORTIONS FOR THE LATENT CLASSES
BASED ON THEIR MOST LIKELY LATENT CLASS MEMBERSHIP

Class Counts and Proportions

    Latent
   Classes

       1             2691          0.53820
       2             2309          0.46180


CLASSIFICATION QUALITY

     Entropy                         0.863


Average Latent Class Probabilities for Most Likely Latent Class Membership (Row)
by Latent Class (Column)

           1        2

    1   0.962    0.038
    2   0.043    0.957


Classification Probabilities for the Most Likely Latent Class Membership (Column)
by Latent Class (Row)

           1        2

    1   0.963    0.037
    2   0.044    0.956


Logits for the Classification Probabilities for the Most Likely Latent Class Membership (Column)
by Latent Class (Row)

              1        2

    1      3.258    0.000
    2     -3.085    0.000


MODEL RESULTS

                              ESTIMATES              S. E.     M. S. E.  95%  % Sig
                 Population   Average   Std. Dev.   Average             Cover Coeff
Latent Class 1

 Means
  Y1                 -1.000  5166.3867     0.0000    55.5346 ********** 0.000 1.000
  X1                 -1.000     9.8372     0.0000     0.0698   117.4455 0.000 1.000
  X2                 -1.000     4.9513     0.0000     0.0602    35.4183 0.000 1.000
  X3                 -1.000     3.0119     0.0000     0.0394    16.0956 0.000 1.000

 Thresholds
  U1$1               -1.000     1.4501     0.0000     0.0753     6.0032 0.000 1.000
  U2$1               -1.000     2.8105     0.0000     0.1159    14.5196 0.000 1.000
  U3$1               -1.000     4.5999     0.0000     0.2341    31.3588 0.000 1.000
  U4$1               -1.000     1.3773     0.0000     0.0700     5.6517 0.000 1.000
  U5$1               -1.000     3.0708     0.0000     0.1357    16.5717 0.000 1.000
  U6$1               -1.000     4.4631     0.0000     0.2453    29.8450 0.000 1.000
  U7$1               -1.000     1.6917     0.0000     0.0775     7.2451 0.000 1.000
  U8$1               -1.000     3.3646     0.0000     0.1519    19.0494 0.000 1.000
  U9$1               -1.000     4.7565     0.0000     0.2715    33.1371 0.000 1.000
  U10$1              -1.000     0.8371     0.0000     0.0441     3.3748 0.000 1.000
  U11$1              -1.000     0.8013     0.0000     0.0431     3.2448 0.000 1.000
  U12$1              -1.000     1.2618     0.0000     0.0484     5.1159 0.000 1.000
  U13$1              -1.000     1.0342     0.0000     0.0452     4.1381 0.000 1.000
  U14$1              -1.000     1.1450     0.0000     0.0470     4.6012 0.000 1.000
  U15$1              -1.000     1.0181     0.0000     0.0451     4.0729 0.000 1.000

 Variances
  Y1                  0.500 **********     0.0000 61466.2734 ********** 0.000 1.000
  X1                  0.500     6.0691     0.0000     0.1291    31.0150 0.000 1.000
  X2                  0.500     6.6968     0.0000     0.1451    38.4002 0.000 1.000
  X3                  0.500     3.4872     0.0000     0.0732     8.9235 0.000 1.000

Latent Class 2

 Means
  Y1                  1.000  3023.8701     0.0000    29.3745 ********** 0.000 1.000
  X1                  1.000     7.7434     0.0000     0.0518    45.4730 0.000 1.000
  X2                  1.000     6.7829     0.0000     0.0616    33.4418 0.000 1.000
  X3                  1.000     3.8312     0.0000     0.0449     8.0159 0.000 1.000

 Thresholds
  U1$1                1.000    -1.7669     0.0000     0.0865     7.6559 0.000 1.000
  U2$1                1.000    -0.3808     0.0000     0.0616     1.9065 0.000 1.000
  U3$1                1.000     0.6464     0.0000     0.0591     0.1251 0.000 1.000
  U4$1                1.000    -1.6285     0.0000     0.0818     6.9092 0.000 1.000
  U5$1                1.000    -0.2819     0.0000     0.0597     1.6433 0.000 1.000
  U6$1                1.000     0.6867     0.0000     0.0568     0.0982 0.000 1.000
  U7$1                1.000    -1.3449     0.0000     0.0761     5.4986 0.000 1.000
  U8$1                1.000    -0.0226     0.0000     0.0582     1.0458 0.000 0.000
  U9$1                1.000     0.7244     0.0000     0.0584     0.0760 0.000 1.000
  U10$1               1.000     0.4870     0.0000     0.0444     0.2632 0.000 1.000
  U11$1               1.000     0.6109     0.0000     0.0452     0.1514 0.000 1.000
  U12$1               1.000     0.7693     0.0000     0.0469     0.0532 0.000 1.000
  U13$1               1.000     0.8753     0.0000     0.0474     0.0156 0.000 1.000
  U14$1               1.000     0.8792     0.0000     0.0474     0.0146 0.000 1.000
  U15$1               1.000     0.9438     0.0000     0.0480     0.0032 1.000 1.000

 Variances
  Y1                  0.500 **********     0.0000 61466.2734 ********** 0.000 1.000
  X1                  0.500     6.0691     0.0000     0.1291    31.0150 0.000 1.000
  X2                  0.500     6.6968     0.0000     0.1451    38.4002 0.000 1.000
  X3                  0.500     3.4872     0.0000     0.0732     8.9235 0.000 1.000

Categorical Latent Variables

 Means
  C#1                 0.000     0.1522     0.0000     0.0497     0.0232 0.000 1.000


QUALITY OF NUMERICAL RESULTS

     Average Condition Number for the Information Matrix      0.603E-02
       (ratio of smallest to largest eigenvalue)


TECHNICAL 1 OUTPUT


     PARAMETER SPECIFICATION FOR LATENT CLASS 1


           NU
              U1            U2            U3            U4            U5
              ________      ________      ________      ________      ________
                    0             0             0             0             0


           NU
              U6            U7            U8            U9            U10
              ________      ________      ________      ________      ________
                    0             0             0             0             0


           NU
              U11           U12           U13           U14           U15
              ________      ________      ________      ________      ________
                    0             0             0             0             0


           NU
              Y1            X1            X2            X3
              ________      ________      ________      ________
                    1             2             3             4


           THETA
              U1            U2            U3            U4            U5
              ________      ________      ________      ________      ________
 U1                 0
 U2                 0             0
 U3                 0             0             0
 U4                 0             0             0             0
 U5                 0             0             0             0             0
 U6                 0             0             0             0             0
 U7                 0             0             0             0             0
 U8                 0             0             0             0             0
 U9                 0             0             0             0             0
 U10                0             0             0             0             0
 U11                0             0             0             0             0
 U12                0             0             0             0             0
 U13                0             0             0             0             0
 U14                0             0             0             0             0
 U15                0             0             0             0             0
 Y1                 0             0             0             0             0
 X1                 0             0             0             0             0
 X2                 0             0             0             0             0
 X3                 0             0             0             0             0


           THETA
              U6            U7            U8            U9            U10
              ________      ________      ________      ________      ________
 U6                 0
 U7                 0             0
 U8                 0             0             0
 U9                 0             0             0             0
 U10                0             0             0             0             0
 U11                0             0             0             0             0
 U12                0             0             0             0             0
 U13                0             0             0             0             0
 U14                0             0             0             0             0
 U15                0             0             0             0             0
 Y1                 0             0             0             0             0
 X1                 0             0             0             0             0
 X2                 0             0             0             0             0
 X3                 0             0             0             0             0


           THETA
              U11           U12           U13           U14           U15
              ________      ________      ________      ________      ________
 U11                0
 U12                0             0
 U13                0             0             0
 U14                0             0             0             0
 U15                0             0             0             0             0
 Y1                 0             0             0             0             0
 X1                 0             0             0             0             0
 X2                 0             0             0             0             0
 X3                 0             0             0             0             0


           THETA
              Y1            X1            X2            X3
              ________      ________      ________      ________
 Y1                 5
 X1                 0             6
 X2                 0             0             7
 X3                 0             0             0             8


     PARAMETER SPECIFICATION FOR LATENT CLASS 2


           NU
              U1            U2            U3            U4            U5
              ________      ________      ________      ________      ________
                    0             0             0             0             0


           NU
              U6            U7            U8            U9            U10
              ________      ________      ________      ________      ________
                    0             0             0             0             0


           NU
              U11           U12           U13           U14           U15
              ________      ________      ________      ________      ________
                    0             0             0             0             0


           NU
              Y1            X1            X2            X3
              ________      ________      ________      ________
                    9            10            11            12


           THETA
              U1            U2            U3            U4            U5
              ________      ________      ________      ________      ________
 U1                 0
 U2                 0             0
 U3                 0             0             0
 U4                 0             0             0             0
 U5                 0             0             0             0             0
 U6                 0             0             0             0             0
 U7                 0             0             0             0             0
 U8                 0             0             0             0             0
 U9                 0             0             0             0             0
 U10                0             0             0             0             0
 U11                0             0             0             0             0
 U12                0             0             0             0             0
 U13                0             0             0             0             0
 U14                0             0             0             0             0
 U15                0             0             0             0             0
 Y1                 0             0             0             0             0
 X1                 0             0             0             0             0
 X2                 0             0             0             0             0
 X3                 0             0             0             0             0


           THETA
              U6            U7            U8            U9            U10
              ________      ________      ________      ________      ________
 U6                 0
 U7                 0             0
 U8                 0             0             0
 U9                 0             0             0             0
 U10                0             0             0             0             0
 U11                0             0             0             0             0
 U12                0             0             0             0             0
 U13                0             0             0             0             0
 U14                0             0             0             0             0
 U15                0             0             0             0             0
 Y1                 0             0             0             0             0
 X1                 0             0             0             0             0
 X2                 0             0             0             0             0
 X3                 0             0             0             0             0


           THETA
              U11           U12           U13           U14           U15
              ________      ________      ________      ________      ________
 U11                0
 U12                0             0
 U13                0             0             0
 U14                0             0             0             0
 U15                0             0             0             0             0
 Y1                 0             0             0             0             0
 X1                 0             0             0             0             0
 X2                 0             0             0             0             0
 X3                 0             0             0             0             0


           THETA
              Y1            X1            X2            X3
              ________      ________      ________      ________
 Y1                 5
 X1                 0             6
 X2                 0             0             7
 X3                 0             0             0             8


     PARAMETER SPECIFICATION FOR LATENT CLASS INDICATOR MODEL PART


           TAU(U) FOR LATENT CLASS 1
              U1$1          U2$1          U3$1          U4$1          U5$1
              ________      ________      ________      ________      ________
                   13            14            15            16            17


           TAU(U) FOR LATENT CLASS 1
              U6$1          U7$1          U8$1          U9$1          U10$1
              ________      ________      ________      ________      ________
                   18            19            20            21            22


           TAU(U) FOR LATENT CLASS 1
              U11$1         U12$1         U13$1         U14$1         U15$1
              ________      ________      ________      ________      ________
                   23            24            25            26            27


           TAU(U) FOR LATENT CLASS 2
              U1$1          U2$1          U3$1          U4$1          U5$1
              ________      ________      ________      ________      ________
                   28            29            30            31            32


           TAU(U) FOR LATENT CLASS 2
              U6$1          U7$1          U8$1          U9$1          U10$1
              ________      ________      ________      ________      ________
                   33            34            35            36            37


           TAU(U) FOR LATENT CLASS 2
              U11$1         U12$1         U13$1         U14$1         U15$1
              ________      ________      ________      ________      ________
                   38            39            40            41            42


     PARAMETER SPECIFICATION FOR LATENT CLASS REGRESSION MODEL PART


           ALPHA(C)
              C#1           C#2
              ________      ________
                   43             0


     STARTING VALUES FOR LATENT CLASS 1


           NU
              U1            U2            U3            U4            U5
              ________      ________      ________      ________      ________
                0.000         0.000         0.000         0.000         0.000


           NU
              U6            U7            U8            U9            U10
              ________      ________      ________      ________      ________
                0.000         0.000         0.000         0.000         0.000


           NU
              U11           U12           U13           U14           U15
              ________      ________      ________      ________      ________
                0.000         0.000         0.000         0.000         0.000


           NU
              Y1            X1            X2            X3
              ________      ________      ________      ________
               -1.000        -1.000        -1.000        -1.000


           THETA
              U1            U2            U3            U4            U5
              ________      ________      ________      ________      ________
 U1             1.000
 U2             0.000         1.000
 U3             0.000         0.000         1.000
 U4             0.000         0.000         0.000         1.000
 U5             0.000         0.000         0.000         0.000         1.000
 U6             0.000         0.000         0.000         0.000         0.000
 U7             0.000         0.000         0.000         0.000         0.000
 U8             0.000         0.000         0.000         0.000         0.000
 U9             0.000         0.000         0.000         0.000         0.000
 U10            0.000         0.000         0.000         0.000         0.000
 U11            0.000         0.000         0.000         0.000         0.000
 U12            0.000         0.000         0.000         0.000         0.000
 U13            0.000         0.000         0.000         0.000         0.000
 U14            0.000         0.000         0.000         0.000         0.000
 U15            0.000         0.000         0.000         0.000         0.000
 Y1             0.000         0.000         0.000         0.000         0.000
 X1             0.000         0.000         0.000         0.000         0.000
 X2             0.000         0.000         0.000         0.000         0.000
 X3             0.000         0.000         0.000         0.000         0.000


           THETA
              U6            U7            U8            U9            U10
              ________      ________      ________      ________      ________
 U6             1.000
 U7             0.000         1.000
 U8             0.000         0.000         1.000
 U9             0.000         0.000         0.000         1.000
 U10            0.000         0.000         0.000         0.000         1.000
 U11            0.000         0.000         0.000         0.000         0.000
 U12            0.000         0.000         0.000         0.000         0.000
 U13            0.000         0.000         0.000         0.000         0.000
 U14            0.000         0.000         0.000         0.000         0.000
 U15            0.000         0.000         0.000         0.000         0.000
 Y1             0.000         0.000         0.000         0.000         0.000
 X1             0.000         0.000         0.000         0.000         0.000
 X2             0.000         0.000         0.000         0.000         0.000
 X3             0.000         0.000         0.000         0.000         0.000


           THETA
              U11           U12           U13           U14           U15
              ________      ________      ________      ________      ________
 U11            1.000
 U12            0.000         1.000
 U13            0.000         0.000         1.000
 U14            0.000         0.000         0.000         1.000
 U15            0.000         0.000         0.000         0.000         1.000
 Y1             0.000         0.000         0.000         0.000         0.000
 X1             0.000         0.000         0.000         0.000         0.000
 X2             0.000         0.000         0.000         0.000         0.000
 X3             0.000         0.000         0.000         0.000         0.000


           THETA
              Y1            X1            X2            X3
              ________      ________      ________      ________
 Y1             0.500
 X1             0.000         0.500
 X2             0.000         0.000         0.500
 X3             0.000         0.000         0.000         0.500


     STARTING VALUES FOR LATENT CLASS 2


           NU
              U1            U2            U3            U4            U5
              ________      ________      ________      ________      ________
                0.000         0.000         0.000         0.000         0.000


           NU
              U6            U7            U8            U9            U10
              ________      ________      ________      ________      ________
                0.000         0.000         0.000         0.000         0.000


           NU
              U11           U12           U13           U14           U15
              ________      ________      ________      ________      ________
                0.000         0.000         0.000         0.000         0.000


           NU
              Y1            X1            X2            X3
              ________      ________      ________      ________
                1.000         1.000         1.000         1.000


           THETA
              U1            U2            U3            U4            U5
              ________      ________      ________      ________      ________
 U1             1.000
 U2             0.000         1.000
 U3             0.000         0.000         1.000
 U4             0.000         0.000         0.000         1.000
 U5             0.000         0.000         0.000         0.000         1.000
 U6             0.000         0.000         0.000         0.000         0.000
 U7             0.000         0.000         0.000         0.000         0.000
 U8             0.000         0.000         0.000         0.000         0.000
 U9             0.000         0.000         0.000         0.000         0.000
 U10            0.000         0.000         0.000         0.000         0.000
 U11            0.000         0.000         0.000         0.000         0.000
 U12            0.000         0.000         0.000         0.000         0.000
 U13            0.000         0.000         0.000         0.000         0.000
 U14            0.000         0.000         0.000         0.000         0.000
 U15            0.000         0.000         0.000         0.000         0.000
 Y1             0.000         0.000         0.000         0.000         0.000
 X1             0.000         0.000         0.000         0.000         0.000
 X2             0.000         0.000         0.000         0.000         0.000
 X3             0.000         0.000         0.000         0.000         0.000


           THETA
              U6            U7            U8            U9            U10
              ________      ________      ________      ________      ________
 U6             1.000
 U7             0.000         1.000
 U8             0.000         0.000         1.000
 U9             0.000         0.000         0.000         1.000
 U10            0.000         0.000         0.000         0.000         1.000
 U11            0.000         0.000         0.000         0.000         0.000
 U12            0.000         0.000         0.000         0.000         0.000
 U13            0.000         0.000         0.000         0.000         0.000
 U14            0.000         0.000         0.000         0.000         0.000
 U15            0.000         0.000         0.000         0.000         0.000
 Y1             0.000         0.000         0.000         0.000         0.000
 X1             0.000         0.000         0.000         0.000         0.000
 X2             0.000         0.000         0.000         0.000         0.000
 X3             0.000         0.000         0.000         0.000         0.000


           THETA
              U11           U12           U13           U14           U15
              ________      ________      ________      ________      ________
 U11            1.000
 U12            0.000         1.000
 U13            0.000         0.000         1.000
 U14            0.000         0.000         0.000         1.000
 U15            0.000         0.000         0.000         0.000         1.000
 Y1             0.000         0.000         0.000         0.000         0.000
 X1             0.000         0.000         0.000         0.000         0.000
 X2             0.000         0.000         0.000         0.000         0.000
 X3             0.000         0.000         0.000         0.000         0.000


           THETA
              Y1            X1            X2            X3
              ________      ________      ________      ________
 Y1             0.500
 X1             0.000         0.500
 X2             0.000         0.000         0.500
 X3             0.000         0.000         0.000         0.500


     STARTING VALUES FOR LATENT CLASS INDICATOR MODEL PART


           TAU(U) FOR LATENT CLASS 1
              U1$1          U2$1          U3$1          U4$1          U5$1
              ________      ________      ________      ________      ________
               -1.000        -1.000        -1.000        -1.000        -1.000


           TAU(U) FOR LATENT CLASS 1
              U6$1          U7$1          U8$1          U9$1          U10$1
              ________      ________      ________      ________      ________
               -1.000        -1.000        -1.000        -1.000        -1.000


           TAU(U) FOR LATENT CLASS 1
              U11$1         U12$1         U13$1         U14$1         U15$1
              ________      ________      ________      ________      ________
               -1.000        -1.000        -1.000        -1.000        -1.000


           TAU(U) FOR LATENT CLASS 2
              U1$1          U2$1          U3$1          U4$1          U5$1
              ________      ________      ________      ________      ________
                1.000         1.000         1.000         1.000         1.000


           TAU(U) FOR LATENT CLASS 2
              U6$1          U7$1          U8$1          U9$1          U10$1
              ________      ________      ________      ________      ________
                1.000         1.000         1.000         1.000         1.000


           TAU(U) FOR LATENT CLASS 2
              U11$1         U12$1         U13$1         U14$1         U15$1
              ________      ________      ________      ________      ________
                1.000         1.000         1.000         1.000         1.000


     STARTING VALUES FOR LATENT CLASS REGRESSION MODEL PART


           ALPHA(C)
              C#1           C#2
              ________      ________
                0.000         0.000


     POPULATION VALUES FOR LATENT CLASS 1


           NU
              U1            U2            U3            U4            U5
              ________      ________      ________      ________      ________
                0.000         0.000         0.000         0.000         0.000


           NU
              U6            U7            U8            U9            U10
              ________      ________      ________      ________      ________
                0.000         0.000         0.000         0.000         0.000


           NU
              U11           U12           U13           U14           U15
              ________      ________      ________      ________      ________
                0.000         0.000         0.000         0.000         0.000


           NU
              Y1            X1            X2            X3
              ________      ________      ________      ________
                0.000         0.000         0.000         0.000


           LAMBDA
              F1            F2            F3            F             Y1
              ________      ________      ________      ________      ________
 U1             2.600         0.000         0.000         0.000         0.000
 U2             2.200         0.000         0.000         0.000         0.000
 U3             1.900         0.000         0.000         0.000         0.000
 U4             0.000         2.600         0.000         0.000         0.000
 U5             0.000         2.200         0.000         0.000         0.000
 U6             0.000         1.900         0.000         0.000         0.000
 U7             0.000         0.000         2.900         0.000         0.000
 U8             0.000         0.000         2.300         0.000         0.000
 U9             0.000         0.000         2.100         0.000         0.000
 U10            0.100         0.000         0.000         0.000         0.000
 U11            0.100         0.000         0.000         0.000         0.000
 U12            0.000         0.200         0.000         0.000         0.000
 U13            0.000         0.000         0.100         0.000         0.000
 U14            0.000         0.000         0.100         0.000         0.000
 U15            0.000         0.040         0.000         0.000         0.000
 Y1             0.000         0.000         0.000         0.000         1.000
 X1             0.000         0.000         0.000         0.000         0.000
 X2             0.000         0.000         0.000         0.000         0.000
 X3             0.000         0.000         0.000         0.000         0.000


           LAMBDA
              X1            X2            X3
              ________      ________      ________
 U1             0.000         0.000         0.000
 U2             0.000         0.000         0.000
 U3             0.000         0.000         0.000
 U4             0.000         0.000         0.000
 U5             0.000         0.000         0.000
 U6             0.000         0.000         0.000
 U7             0.000         0.000         0.000
 U8             0.000         0.000         0.000
 U9             0.000         0.000         0.000
 U10            0.000         0.000         0.000
 U11            0.000         0.000         0.000
 U12            0.000         0.000         0.000
 U13            0.000         0.000         0.000
 U14            0.000         0.000         0.000
 U15            0.000         0.000         0.000
 Y1             0.000         0.000         0.000
 X1             1.000         0.000         0.000
 X2             0.000         1.000         0.000
 X3             0.000         0.000         1.000


           THETA
              U1            U2            U3            U4            U5
              ________      ________      ________      ________      ________
 U1             0.000
 U2             0.000         0.000
 U3             0.000         0.000         0.000
 U4             0.000         0.000         0.000         0.000
 U5             0.000         0.000         0.000         0.000         0.000
 U6             0.000         0.000         0.000         0.000         0.000
 U7             0.000         0.000         0.000         0.000         0.000
 U8             0.000         0.000         0.000         0.000         0.000
 U9             0.000         0.000         0.000         0.000         0.000
 U10            0.000         0.000         0.000         0.000         0.000
 U11            0.000         0.000         0.000         0.000         0.000
 U12            0.000         0.000         0.000         0.000         0.000
 U13            0.000         0.000         0.000         0.000         0.000
 U14            0.000         0.000         0.000         0.000         0.000
 U15            0.000         0.000         0.000         0.000         0.000
 Y1             0.000         0.000         0.000         0.000         0.000
 X1             0.000         0.000         0.000         0.000         0.000
 X2             0.000         0.000         0.000         0.000         0.000
 X3             0.000         0.000         0.000         0.000         0.000


           THETA
              U6            U7            U8            U9            U10
              ________      ________      ________      ________      ________
 U6             0.000
 U7             0.000         0.000
 U8             0.000         0.000         0.000
 U9             0.000         0.000         0.000         0.000
 U10            0.000         0.000         0.000         0.000         0.000
 U11            0.000         0.000         0.000         0.000         0.000
 U12            0.000         0.000         0.000         0.000         0.000
 U13            0.000         0.000         0.000         0.000         0.000
 U14            0.000         0.000         0.000         0.000         0.000
 U15            0.000         0.000         0.000         0.000         0.000
 Y1             0.000         0.000         0.000         0.000         0.000
 X1             0.000         0.000         0.000         0.000         0.000
 X2             0.000         0.000         0.000         0.000         0.000
 X3             0.000         0.000         0.000         0.000         0.000


           THETA
              U11           U12           U13           U14           U15
              ________      ________      ________      ________      ________
 U11            0.000
 U12            0.000         0.000
 U13            0.000         0.000         0.000
 U14            0.000         0.000         0.000         0.000
 U15            0.000         0.000         0.000         0.000         0.000
 Y1             0.000         0.000         0.000         0.000         0.000
 X1             0.000         0.000         0.000         0.000         0.000
 X2             0.000         0.000         0.000         0.000         0.000
 X3             0.000         0.000         0.000         0.000         0.000


           THETA
              Y1            X1            X2            X3
              ________      ________      ________      ________
 Y1             0.000
 X1             0.000         0.000
 X2             0.000         0.000         0.000
 X3             0.000         0.000         0.000         0.000


           ALPHA
              F1            F2            F3            F             Y1
              ________      ________      ________      ________      ________
                0.000         0.000         0.000         0.000      6000.000


           ALPHA
              X1            X2            X3
              ________      ________      ________
               11.000         4.000         2.500


           BETA
              F1            F2            F3            F             Y1
              ________      ________      ________      ________      ________
 F1             0.000         0.000         0.000         1.100         0.000
 F2             0.000         0.000         0.000         1.100         0.000
 F3             0.000         0.000         0.000         1.100         0.000
 F              0.000         0.000         0.000         0.000         0.000
 Y1             0.000         0.000         0.000         0.000         0.000
 X1             0.000         0.000         0.000         0.000         0.000
 X2             0.000         0.000         0.000         0.000         0.000
 X3             0.000         0.000         0.000         0.000         0.000


           BETA
              X1            X2            X3
              ________      ________      ________
 F1             0.000         0.000         0.000
 F2             0.000         0.000         0.000
 F3             0.000         0.000         0.000
 F             -0.050         0.050         0.000
 Y1             0.000         0.000         0.000
 X1             0.000         0.000         0.000
 X2             0.000         0.000         0.000
 X3             0.000         0.000         0.000


           PSI
              F1            F2            F3            F             Y1
              ________      ________      ________      ________      ________
 F1             1.000
 F2             0.000         1.000
 F3             0.000         0.000         1.000
 F              0.000         0.000         0.000         1.000
 Y1             0.000         0.000         0.000         0.000   2500000.000
 X1             0.000         0.000         0.000         0.000         0.000
 X2             0.000         0.000         0.000         0.000         0.000
 X3             0.000         0.000         0.000         0.000         0.000


           PSI
              X1            X2            X3
              ________      ________      ________
 X1             4.000
 X2             0.000         3.000
 X3            -0.600         0.000         2.000


     POPULATION VALUES FOR LATENT CLASS 2


           NU
              U1            U2            U3            U4            U5
              ________      ________      ________      ________      ________
                0.000         0.000         0.000         0.000         0.000


           NU
              U6            U7            U8            U9            U10
              ________      ________      ________      ________      ________
                0.000         0.000         0.000         0.000         0.000


           NU
              U11           U12           U13           U14           U15
              ________      ________      ________      ________      ________
                0.000         0.000         0.000         0.000         0.000


           NU
              Y1            X1            X2            X3
              ________      ________      ________      ________
                0.000         0.000         0.000         0.000


           LAMBDA
              F1            F2            F3            F             Y1
              ________      ________      ________      ________      ________
 U1             2.600         0.000         0.000         0.000         0.000
 U2             2.200         0.000         0.000         0.000         0.000
 U3             1.900         0.000         0.000         0.000         0.000
 U4             0.000         2.600         0.000         0.000         0.000
 U5             0.000         2.200         0.000         0.000         0.000
 U6             0.000         1.900         0.000         0.000         0.000
 U7             0.000         0.000         2.900         0.000         0.000
 U8             0.000         0.000         2.300         0.000         0.000
 U9             0.000         0.000         2.100         0.000         0.000
 U10            0.100         0.000         0.000         0.000         0.000
 U11            0.100         0.000         0.000         0.000         0.000
 U12            0.000         0.200         0.000         0.000         0.000
 U13            0.000         0.000         0.100         0.000         0.000
 U14            0.000         0.000         0.100         0.000         0.000
 U15            0.000         0.040         0.000         0.000         0.000
 Y1             0.000         0.000         0.000         0.000         1.000
 X1             0.000         0.000         0.000         0.000         0.000
 X2             0.000         0.000         0.000         0.000         0.000
 X3             0.000         0.000         0.000         0.000         0.000


           LAMBDA
              X1            X2            X3
              ________      ________      ________
 U1             0.000         0.000         0.000
 U2             0.000         0.000         0.000
 U3             0.000         0.000         0.000
 U4             0.000         0.000         0.000
 U5             0.000         0.000         0.000
 U6             0.000         0.000         0.000
 U7             0.000         0.000         0.000
 U8             0.000         0.000         0.000
 U9             0.000         0.000         0.000
 U10            0.000         0.000         0.000
 U11            0.000         0.000         0.000
 U12            0.000         0.000         0.000
 U13            0.000         0.000         0.000
 U14            0.000         0.000         0.000
 U15            0.000         0.000         0.000
 Y1             0.000         0.000         0.000
 X1             1.000         0.000         0.000
 X2             0.000         1.000         0.000
 X3             0.000         0.000         1.000


           THETA
              U1            U2            U3            U4            U5
              ________      ________      ________      ________      ________
 U1             0.000
 U2             0.000         0.000
 U3             0.000         0.000         0.000
 U4             0.000         0.000         0.000         0.000
 U5             0.000         0.000         0.000         0.000         0.000
 U6             0.000         0.000         0.000         0.000         0.000
 U7             0.000         0.000         0.000         0.000         0.000
 U8             0.000         0.000         0.000         0.000         0.000
 U9             0.000         0.000         0.000         0.000         0.000
 U10            0.000         0.000         0.000         0.000         0.000
 U11            0.000         0.000         0.000         0.000         0.000
 U12            0.000         0.000         0.000         0.000         0.000
 U13            0.000         0.000         0.000         0.000         0.000
 U14            0.000         0.000         0.000         0.000         0.000
 U15            0.000         0.000         0.000         0.000         0.000
 Y1             0.000         0.000         0.000         0.000         0.000
 X1             0.000         0.000         0.000         0.000         0.000
 X2             0.000         0.000         0.000         0.000         0.000
 X3             0.000         0.000         0.000         0.000         0.000


           THETA
              U6            U7            U8            U9            U10
              ________      ________      ________      ________      ________
 U6             0.000
 U7             0.000         0.000
 U8             0.000         0.000         0.000
 U9             0.000         0.000         0.000         0.000
 U10            0.000         0.000         0.000         0.000         0.000
 U11            0.000         0.000         0.000         0.000         0.000
 U12            0.000         0.000         0.000         0.000         0.000
 U13            0.000         0.000         0.000         0.000         0.000
 U14            0.000         0.000         0.000         0.000         0.000
 U15            0.000         0.000         0.000         0.000         0.000
 Y1             0.000         0.000         0.000         0.000         0.000
 X1             0.000         0.000         0.000         0.000         0.000
 X2             0.000         0.000         0.000         0.000         0.000
 X3             0.000         0.000         0.000         0.000         0.000


           THETA
              U11           U12           U13           U14           U15
              ________      ________      ________      ________      ________
 U11            0.000
 U12            0.000         0.000
 U13            0.000         0.000         0.000
 U14            0.000         0.000         0.000         0.000
 U15            0.000         0.000         0.000         0.000         0.000
 Y1             0.000         0.000         0.000         0.000         0.000
 X1             0.000         0.000         0.000         0.000         0.000
 X2             0.000         0.000         0.000         0.000         0.000
 X3             0.000         0.000         0.000         0.000         0.000


           THETA
              Y1            X1            X2            X3
              ________      ________      ________      ________
 Y1             0.000
 X1             0.000         0.000
 X2             0.000         0.000         0.000
 X3             0.000         0.000         0.000         0.000


           ALPHA
              F1            F2            F3            F             Y1
              ________      ________      ________      ________      ________
                0.000         0.000         0.000         0.000      3000.000


           ALPHA
              X1            X2            X3
              ________      ________      ________
                7.500         7.000         4.000


           BETA
              F1            F2            F3            F             Y1
              ________      ________      ________      ________      ________
 F1             0.000         0.000         0.000         1.100         0.000
 F2             0.000         0.000         0.000         1.100         0.000
 F3             0.000         0.000         0.000         1.100         0.000
 F              0.000         0.000         0.000         0.000         0.000
 Y1             0.000         0.000         0.000         0.000         0.000
 X1             0.000         0.000         0.000         0.000         0.000
 X2             0.000         0.000         0.000         0.000         0.000
 X3             0.000         0.000         0.000         0.000         0.000


           BETA
              X1            X2            X3
              ________      ________      ________
 F1             0.000         0.000         0.000
 F2             0.000         0.000         0.000
 F3             0.000         0.000         0.000
 F             -0.050         0.050         0.000
 Y1             0.000         0.000         0.000
 X1             0.000         0.000         0.000
 X2             0.000         0.000         0.000
 X3             0.000         0.000         0.000


           PSI
              F1            F2            F3            F             Y1
              ________      ________      ________      ________      ________
 F1             1.000
 F2             0.000         1.000
 F3             0.000         0.000         1.000
 F              0.000         0.000         0.000         1.000
 Y1             0.000         0.000         0.000         0.000   1000000.000
 X1             0.000         0.000         0.000         0.000         0.000
 X2             0.000         0.000         0.000         0.000         0.000
 X3             0.000         0.000         0.000         0.000         0.000


           PSI
              X1            X2            X3
              ________      ________      ________
 X1             4.000
 X2             0.000         7.000
 X3            -0.600         0.000         4.000


     POPULATION VALUES FOR LATENT CLASS INDICATOR MODEL PART


           TAU(U) FOR LATENT CLASS 1
              U1$1          U2$1          U3$1          U4$1          U5$1
              ________      ________      ________      ________      ________
               -5.000        -2.000         0.100        -4.800        -1.800


           TAU(U) FOR LATENT CLASS 1
              U6$1          U7$1          U8$1          U9$1          U10$1
              ________      ________      ________      ________      ________
                0.100        -4.900        -1.500         0.100         0.500


           TAU(U) FOR LATENT CLASS 1
              U11$1         U12$1         U13$1         U14$1         U15$1
              ________      ________      ________      ________      ________
                0.500         0.600         0.700         0.800         0.900


           TAU(U) FOR LATENT CLASS 2
              U1$1          U2$1          U3$1          U4$1          U5$1
              ________      ________      ________      ________      ________
               -5.000        -2.000         0.100        -4.800        -1.800


           TAU(U) FOR LATENT CLASS 2
              U6$1          U7$1          U8$1          U9$1          U10$1
              ________      ________      ________      ________      ________
                0.100        -4.900        -1.500         0.100         0.500


           TAU(U) FOR LATENT CLASS 2
              U11$1         U12$1         U13$1         U14$1         U15$1
              ________      ________      ________      ________      ________
                0.500         0.600         0.700         0.800         0.900


     POPULATION VALUES FOR LATENT CLASS REGRESSION MODEL PART


           ALPHA(C)
              C#1           C#2
              ________      ________
               -0.400         0.000


           GAMMA(C)
              F1            F2            F3            F             Y1
              ________      ________      ________      ________      ________
 C#1            0.000         0.000         0.000         0.000         0.000
 C#2            0.000         0.000         0.000         0.000         0.000


           GAMMA(C)
              X1            X2            X3
              ________      ________      ________
 C#1            0.000         0.000         0.000
 C#2            0.000         0.000         0.000


SAVEDATA INFORMATION

  Order of variables

    U1
    U2
    U3
    U4
    U5
    U6
    U7
    U8
    U9
    U10
    U11
    U12
    U13
    U14
    U15
    Y1
    X1
    X2
    X3
    C

  Save file
    Rel_MD_data_2_*.dat

  Save file format           Free
  Save file record length    10000


     Beginning Time:  15:47:46
        Ending Time:  15:47:47
       Elapsed Time:  00:00:01



MUTHEN & MUTHEN
3463 Stoner Ave.
Los Angeles, CA  90066

Tel: (310) 391-9971
Fax: (310) 391-8971
Web: www.StatModel.com
Support: Support@StatModel.com

Copyright (c) 1998-2017 Muthen & Muthen
