Mplus VERSION 8
MUTHEN & MUTHEN
10/01/2019  12:25 PM

INPUT INSTRUCTIONS

  TITLE:
  CFA higher order model CFA;
  DATA:
  FILE = "Mex_pobreza_14.dat";

  VARIABLE:

       NAMES = proyecto folioviv foliohog icv_muros icv_techos
               icv_pisos icv_hac isb_agua isb_dren isb_luz isb_combus
               ic_sbv ia_1ad ia_2ad ia_3ad ia_4ad ia_5ad ia_6ad
               ia_7men ia_8men ia_9men ia_10men ia_11men ia_12men
               tv_dep radio_dep fridge_dep
               washingmach_dep compu_dep inter_dep psu weight
              rururb tot_integ;
  MISSING=.;
       CATEGORICAL = icv_muros icv_techos icv_pisos icv_hac isb_agua
                     isb_dren isb_luz isb_combus  ia_1ad
                     ia_2ad ia_3ad ia_4ad ia_5ad ia_6ad;
       USEVARIABLES = icv_muros icv_techos icv_pisos icv_hac isb_agua
                     isb_dren isb_luz isb_combus  ia_1ad
                     ia_2ad ia_3ad ia_4ad ia_5ad ia_6ad;

  WEIGHT=weight;
  cluster = psu;
  ANALYSIS:
  TYPE = complex;

  ESTIMATOR = wlsmv;
  PROCESS = 4;
  MODEL:
  f1 by icv_muros icv_techos icv_pisos icv_hac;
    f2 by isb_agua
          isb_dren isb_luz isb_combus;
    f3 by ia_1ad ia_2ad ia_3ad ia_4ad ia_5ad ia_6ad;
    h by f1 f2 f3;
  OUTPUT:
  std stdyx;



*** WARNING in VARIABLE command
  Note that only the first 8 characters of variable names are used in the output.
  Shorten variable names to avoid any confusion.
   1 WARNING(S) FOUND IN THE INPUT INSTRUCTIONS




CFA higher order model CFA;

SUMMARY OF ANALYSIS

Number of groups                                                 1
Number of observations                                       58125

Number of dependent variables                                   14
Number of independent variables                                  0
Number of continuous latent variables                            4

Observed dependent variables

  Binary and ordered categorical (ordinal)
   ICV_MURO    ICV_TECH    ICV_PISO    ICV_HAC     ISB_AGUA    ISB_DREN
   ISB_LUZ     ISB_COMB    IA_1AD      IA_2AD      IA_3AD      IA_4AD
   IA_5AD      IA_6AD

Continuous latent variables
   F1          F2          F3          H

Variables with special functions

  Cluster variable      PSU
  Weight variable       WEIGHT

Estimator                                                    WLSMV
Maximum number of iterations                                  1000
Convergence criterion                                    0.500D-04
Maximum number of steepest descent iterations                   20
Maximum number of iterations for H1                           2000
Convergence criterion for H1                             0.100D-03
Parameterization                                             DELTA
Link                                                        PROBIT

Input data file(s)
  Mex_pobreza_14.dat

Input data format  FREE


SUMMARY OF DATA

     Number of missing data patterns             3
     Number of clusters        8110



COVARIANCE COVERAGE OF DATA

Minimum covariance coverage value   0.100


     PROPORTION OF DATA PRESENT


           Covariance Coverage
              ICV_MURO      ICV_TECH      ICV_PISO      ICV_HAC       ISB_AGUA
              ________      ________      ________      ________      ________
 ICV_MURO       1.000
 ICV_TECH       1.000         1.000
 ICV_PISO       1.000         1.000         1.000
 ICV_HAC        1.000         1.000         1.000         1.000
 ISB_AGUA       1.000         1.000         1.000         1.000         1.000
 ISB_DREN       1.000         1.000         1.000         1.000         1.000
 ISB_LUZ        1.000         1.000         1.000         1.000         1.000
 ISB_COMB       1.000         1.000         1.000         1.000         1.000
 IA_1AD         1.000         1.000         1.000         1.000         1.000
 IA_2AD         1.000         1.000         1.000         1.000         1.000
 IA_3AD         1.000         1.000         1.000         1.000         1.000
 IA_4AD         1.000         1.000         1.000         1.000         1.000
 IA_5AD         1.000         1.000         1.000         1.000         1.000
 IA_6AD         1.000         1.000         1.000         1.000         1.000


           Covariance Coverage
              ISB_DREN      ISB_LUZ       ISB_COMB      IA_1AD        IA_2AD
              ________      ________      ________      ________      ________
 ISB_DREN       1.000
 ISB_LUZ        1.000         1.000
 ISB_COMB       1.000         1.000         1.000
 IA_1AD         1.000         1.000         1.000         1.000
 IA_2AD         1.000         1.000         1.000         1.000         1.000
 IA_3AD         1.000         1.000         1.000         1.000         1.000
 IA_4AD         1.000         1.000         1.000         1.000         1.000
 IA_5AD         1.000         1.000         1.000         1.000         1.000
 IA_6AD         1.000         1.000         1.000         1.000         1.000


           Covariance Coverage
              IA_3AD        IA_4AD        IA_5AD        IA_6AD
              ________      ________      ________      ________
 IA_3AD         1.000
 IA_4AD         1.000         1.000
 IA_5AD         1.000         1.000         1.000
 IA_6AD         1.000         1.000         1.000         1.000


UNIVARIATE PROPORTIONS AND COUNTS FOR CATEGORICAL VARIABLES

    ICV_MURO
      Category 1    0.983        57163.397
      Category 2    0.017          961.603
    ICV_TECH
      Category 1    0.984        57218.026
      Category 2    0.016          906.974
    ICV_PISO
      Category 1    0.970        56376.808
      Category 2    0.030         1747.194
    ICV_HAC
      Category 1    0.944        54875.802
      Category 2    0.056         3249.198
    ISB_AGUA
      Category 1    0.923        53622.753
      Category 2    0.077         4502.247
    ISB_DREN
      Category 1    0.925        53760.295
      Category 2    0.075         4364.705
    ISB_LUZ
      Category 1    0.992        57679.303
      Category 2    0.008          445.697
    ISB_COMB
      Category 1    0.880        51124.977
      Category 2    0.120         6998.743
    IA_1AD
      Category 1    0.667        38748.017
      Category 2    0.333        19376.983
    IA_2AD
      Category 1    0.841        48862.095
      Category 2    0.159         9262.905
    IA_3AD
      Category 1    0.751        43634.963
      Category 2    0.249        14490.037
    IA_4AD
      Category 1    0.860        49975.132
      Category 2    0.140         8149.868
    IA_5AD
      Category 1    0.836        48593.230
      Category 2    0.164         9531.770
    IA_6AD
      Category 1    0.877        50995.758
      Category 2    0.123         7129.242



THE MODEL ESTIMATION TERMINATED NORMALLY



MODEL FIT INFORMATION

Number of Free Parameters                       31

Chi-Square Test of Model Fit

          Value                            819.380*
          Degrees of Freedom                    74
          P-Value                           0.0000

*   The chi-square value for MLM, MLMV, MLR, ULSMV, WLSM and WLSMV cannot be used
    for chi-square difference testing in the regular way.  MLM, MLR and WLSM
    chi-square difference testing is described on the Mplus website.  MLMV, WLSMV,
    and ULSMV difference testing is done using the DIFFTEST option.

RMSEA (Root Mean Square Error Of Approximation)

          Estimate                           0.013
          90 Percent C.I.                    0.012  0.014
          Probability RMSEA <= .05           1.000

CFI/TLI

          CFI                                0.998
          TLI                                0.997

Chi-Square Test of Model Fit for the Baseline Model

          Value                         299060.315
          Degrees of Freedom                    91
          P-Value                           0.0000

WRMR (Weighted Root Mean Square Residual)

          Value                              2.603



MODEL RESULTS

                                                    Two-Tailed
                    Estimate       S.E.  Est./S.E.    P-Value

 F1       BY
    ICV_MUROS          1.000      0.000    999.000    999.000
    ICV_TECHOS         0.945      0.049     19.176      0.000
    ICV_PISOS          1.232      0.048     25.918      0.000
    ICV_HAC            0.956      0.041     23.213      0.000

 F2       BY
    ISB_AGUA           1.000      0.000    999.000    999.000
    ISB_DREN           1.143      0.039     28.999      0.000
    ISB_LUZ            1.137      0.051     22.314      0.000
    ISB_COMBUS         1.339      0.044     30.315      0.000

 F3       BY
    IA_1AD             1.000      0.000    999.000    999.000
    IA_2AD             1.044      0.005    226.230      0.000
    IA_3AD             1.045      0.005    209.512      0.000
    IA_4AD             0.961      0.005    175.634      0.000
    IA_5AD             1.018      0.004    232.692      0.000
    IA_6AD             1.001      0.004    226.362      0.000

 H        BY
    F1                 1.000      0.000    999.000    999.000
    F2                 0.925      0.050     18.332      0.000
    F3                 0.715      0.033     21.694      0.000

 Thresholds
    ICV_MURO$1         2.131      0.025     86.505      0.000
    ICV_TECH$1         2.154      0.023     95.280      0.000
    ICV_PISO$1         1.880      0.020     92.746      0.000
    ICV_HAC$1          1.590      0.015    108.129      0.000
    ISB_AGUA$1         1.422      0.025     57.520      0.000
    ISB_DREN$1         1.439      0.025     58.469      0.000
    ISB_LUZ$1          2.424      0.031     78.330      0.000
    ISB_COMB$1         1.173      0.023     51.332      0.000
    IA_1AD$1           0.431      0.011     39.023      0.000
    IA_2AD$1           0.997      0.011     92.846      0.000
    IA_3AD$1           0.677      0.010     64.798      0.000
    IA_4AD$1           1.079      0.011     98.090      0.000
    IA_5AD$1           0.978      0.011     88.972      0.000
    IA_6AD$1           1.162      0.012     96.973      0.000

 Variances
    H                  0.356      0.027     13.247      0.000

 Residual Variances
    F1                 0.061      0.016      3.916      0.000
    F2                 0.099      0.014      7.221      0.000
    F3                 0.651      0.011     59.068      0.000


STANDARDIZED MODEL RESULTS


STDYX Standardization

                                                    Two-Tailed
                    Estimate       S.E.  Est./S.E.    P-Value

 F1       BY
    ICV_MUROS          0.646      0.021     31.213      0.000
    ICV_TECHOS         0.611      0.024     25.640      0.000
    ICV_PISOS          0.796      0.016     48.932      0.000
    ICV_HAC            0.617      0.016     39.238      0.000

 F2       BY
    ISB_AGUA           0.636      0.018     35.882      0.000
    ISB_DREN           0.726      0.015     48.066      0.000
    ISB_LUZ            0.723      0.025     28.444      0.000
    ISB_COMBUS         0.851      0.015     58.192      0.000

 F3       BY
    IA_1AD             0.913      0.004    247.890      0.000
    IA_2AD             0.953      0.002    467.997      0.000
    IA_3AD             0.955      0.002    446.601      0.000
    IA_4AD             0.878      0.004    235.768      0.000
    IA_5AD             0.930      0.002    379.884      0.000
    IA_6AD             0.914      0.003    263.612      0.000

 H        BY
    F1                 0.924      0.019     47.637      0.000
    F2                 0.868      0.018     48.234      0.000
    F3                 0.468      0.013     37.210      0.000

 Thresholds
    ICV_MURO$1         2.131      0.025     86.505      0.000
    ICV_TECH$1         2.154      0.023     95.280      0.000
    ICV_PISO$1         1.880      0.020     92.746      0.000
    ICV_HAC$1          1.590      0.015    108.129      0.000
    ISB_AGUA$1         1.422      0.025     57.520      0.000
    ISB_DREN$1         1.439      0.025     58.469      0.000
    ISB_LUZ$1          2.424      0.031     78.330      0.000
    ISB_COMB$1         1.173      0.023     51.332      0.000
    IA_1AD$1           0.431      0.011     39.023      0.000
    IA_2AD$1           0.997      0.011     92.846      0.000
    IA_3AD$1           0.677      0.010     64.798      0.000
    IA_4AD$1           1.079      0.011     98.090      0.000
    IA_5AD$1           0.978      0.011     88.972      0.000
    IA_6AD$1           1.162      0.012     96.973      0.000

 Variances
    H                  1.000      0.000    999.000    999.000

 Residual Variances
    F1                 0.146      0.036      4.079      0.000
    F2                 0.246      0.031      7.878      0.000
    F3                 0.781      0.012     66.516      0.000


STD Standardization

                                                    Two-Tailed
                    Estimate       S.E.  Est./S.E.    P-Value

 F1       BY
    ICV_MUROS          0.646      0.021     31.213      0.000
    ICV_TECHOS         0.611      0.024     25.640      0.000
    ICV_PISOS          0.796      0.016     48.932      0.000
    ICV_HAC            0.617      0.016     39.238      0.000

 F2       BY
    ISB_AGUA           0.636      0.018     35.882      0.000
    ISB_DREN           0.726      0.015     48.066      0.000
    ISB_LUZ            0.723      0.025     28.444      0.000
    ISB_COMBUS         0.851      0.015     58.192      0.000

 F3       BY
    IA_1AD             0.913      0.004    247.890      0.000
    IA_2AD             0.953      0.002    467.997      0.000
    IA_3AD             0.955      0.002    446.601      0.000
    IA_4AD             0.878      0.004    235.768      0.000
    IA_5AD             0.930      0.002    379.884      0.000
    IA_6AD             0.914      0.003    263.612      0.000

 H        BY
    F1                 0.924      0.019     47.637      0.000
    F2                 0.868      0.018     48.234      0.000
    F3                 0.468      0.013     37.210      0.000

 Thresholds
    ICV_MURO$1         2.131      0.025     86.505      0.000
    ICV_TECH$1         2.154      0.023     95.280      0.000
    ICV_PISO$1         1.880      0.020     92.746      0.000
    ICV_HAC$1          1.590      0.015    108.129      0.000
    ISB_AGUA$1         1.422      0.025     57.520      0.000
    ISB_DREN$1         1.439      0.025     58.469      0.000
    ISB_LUZ$1          2.424      0.031     78.330      0.000
    ISB_COMB$1         1.173      0.023     51.332      0.000
    IA_1AD$1           0.431      0.011     39.023      0.000
    IA_2AD$1           0.997      0.011     92.846      0.000
    IA_3AD$1           0.677      0.010     64.798      0.000
    IA_4AD$1           1.079      0.011     98.090      0.000
    IA_5AD$1           0.978      0.011     88.972      0.000
    IA_6AD$1           1.162      0.012     96.973      0.000

 Variances
    H                  1.000      0.000    999.000    999.000

 Residual Variances
    F1                 0.146      0.036      4.079      0.000
    F2                 0.246      0.031      7.878      0.000
    F3                 0.781      0.012     66.516      0.000


R-SQUARE

    Observed                                        Two-Tailed   Residual
    Variable        Estimate       S.E.  Est./S.E.    P-Value    Variance

    ICV_MURO           0.417      0.027     15.606      0.000      0.583
    ICV_TECH           0.373      0.029     12.820      0.000      0.627
    ICV_PISO           0.633      0.026     24.466      0.000      0.367
    ICV_HAC            0.381      0.019     19.619      0.000      0.619
    ISB_AGUA           0.404      0.023     17.941      0.000      0.596
    ISB_DREN           0.528      0.022     24.033      0.000      0.472
    ISB_LUZ            0.522      0.037     14.222      0.000      0.478
    ISB_COMB           0.724      0.025     29.096      0.000      0.276
    IA_1AD             0.834      0.007    123.945      0.000      0.166
    IA_2AD             0.908      0.004    233.999      0.000      0.092
    IA_3AD             0.911      0.004    223.300      0.000      0.089
    IA_4AD             0.770      0.007    117.884      0.000      0.230
    IA_5AD             0.864      0.005    189.942      0.000      0.136
    IA_6AD             0.835      0.006    131.806      0.000      0.165

     Latent                                         Two-Tailed
    Variable        Estimate       S.E.  Est./S.E.    P-Value

    F1                 0.854      0.036     23.818      0.000
    F2                 0.754      0.031     24.117      0.000
    F3                 0.219      0.012     18.605      0.000


QUALITY OF NUMERICAL RESULTS

     Condition Number for the Information Matrix              0.259E-03
       (ratio of smallest to largest eigenvalue)


     Beginning Time:  12:25:13
        Ending Time:  12:25:26
       Elapsed Time:  00:00:13



MUTHEN & MUTHEN
3463 Stoner Ave.
Los Angeles, CA  90066

Tel: (310) 391-9971
Fax: (310) 391-8971
Web: www.StatModel.com
Support: Support@StatModel.com

Copyright (c) 1998-2017 Muthen & Muthen
