Mplus VERSION 8
MUTHEN & MUTHEN
08/22/2019   1:42 PM

INPUT INSTRUCTIONS

  MONTECARLO:
  NAMES=U1-U11 y1 x1 x2 x3;
                    GENERATE = U1-U11(1);
                    CATEGORICAL = U1-U11;
                    GENCLASSES = c(2);
                    CLASSES = c(2);
                    NOBS = 5000;
                    SEED = 3454367;
                    NREP = 1;
                    SAVE = Rel_MD_data_1_*.dat;
                    REPSAVE = all;
  MODEL POPULATION:
  %OVERALL%

  x3@4;
  [x3@3];

  x2@7
  [x2@7];

  x1@5;
  [x1@9];

  x3 with x1@-.6;


  [c#1*-.4];
  [y1@5000];
  y1@1000000;

   f1 by u1@2.6
                 u2@2.2
                 u3@1.9
                  u10@.1
                  u11@.1;

    f2 by u4@2.6
                 u5@2.2
                 u6@1.9;



    f3 by  u7@2.9
                 u8@2.3
                 u9@2.1;


    f1@1; f2@1; f3@1;


               [u1$1@-5]
               [u2$1@-2]
               [u3$1@.1]
               [u4$1@-4.8]
               [u5$1@-1.8]
               [u6$1@.1]
               [u7$1@-4.9]
               [u8$1@-1.5]
               [u9$1@.1]
               [u10$1@.5]
               [u11$1@.5];


  f by f1@1.1 f2@1.1 f3@1.1;

  f on y1@-.0004;
  f on x1@-.05;
  f on x2$1@.05;


  [f@0];
  f@1;

  %c#1%

      [y1@6000];
      y1@2500000;

  x3@2;
  [x3@2.5];

      x1@4;
     [x1@11];

     x2@3;
     [x2@4];


  %c#2%

    [y1@3000];
    y1@1000000;

  x3@4;
  [x3@4];

    x1@4;
     [x1@7.5];

       x2@7;
     [x2@7];
  ANALYSIS:
  TYPE = MIXTURE;
                    ALGORITHM=INTEGRATION;
                    PROCESS=8;



*** WARNING in MODEL command
  All variables are uncorrelated with all other variables within class.
  Check that this is what is intended.
   1 WARNING(S) FOUND IN THE INPUT INSTRUCTIONS




SUMMARY OF ANALYSIS

Number of groups                                                 1
Number of observations                                        5000

Number of replications
    Requested                                                    1
    Completed                                                    1
Value of seed                                              3454367

Number of dependent variables                                   15
Number of independent variables                                  0
Number of continuous latent variables                            0
Number of categorical latent variables                           1

Observed dependent variables

  Continuous
   Y1          X1          X2          X3

  Binary and ordered categorical (ordinal)
   U1          U2          U3          U4          U5          U6
   U7          U8          U9          U10         U11

Categorical latent variables
   C


Estimator                                                      MLR
Information matrix                                        OBSERVED
Optimization Specifications for the Quasi-Newton Algorithm for
Continuous Outcomes
  Maximum number of iterations                                 100
  Convergence criterion                                  0.100D-05
Optimization Specifications for the EM Algorithm
  Maximum number of iterations                                 500
  Convergence criteria
    Loglikelihood change                                 0.100D-02
    Relative loglikelihood change                        0.100D-05
    Derivative                                           0.100D-02
Optimization Specifications for the M step of the EM Algorithm for
Categorical Latent variables
  Number of M step iterations                                    1
  M step convergence criterion                           0.100D-02
  Basis for M step termination                           ITERATION
Optimization Specifications for the M step of the EM Algorithm for
Censored, Binary or Ordered Categorical (Ordinal), Unordered
Categorical (Nominal) and Count Outcomes
  Number of M step iterations                                    1
  M step convergence criterion                           0.100D-02
  Basis for M step termination                           ITERATION
  Maximum value for logit thresholds                            15
  Minimum value for logit thresholds                           -15
  Minimum expected cell size for chi-square              0.100D-01
Optimization algorithm                                         EMA
Integration Specifications
  Type                                                    STANDARD
  Number of integration points                                  15
  Dimensions of numerical integration                            0
  Adaptive quadrature                                           ON
Link                                                         LOGIT
Cholesky                                                       OFF


SAMPLE STATISTICS FOR THE FIRST REPLICATION


     SAMPLE STATISTICS


           Means
              Y1            X1            X2            X3
              ________      ________      ________      ________
             4167.682         8.855         5.809         3.404


           Covariances
              Y1            X1            X2            X3
              ________      ________      ________      ________
 Y1       3820673.144
 X1          2434.339         6.816
 X2         -2162.166        -2.427         7.501
 X3         -1070.055        -1.844         1.179         3.687


           Correlations
              Y1            X1            X2            X3
              ________      ________      ________      ________
 Y1             1.000
 X1             0.477         1.000
 X2            -0.404        -0.339         1.000
 X3            -0.285        -0.368         0.224         1.000




MODEL FIT INFORMATION

Number of Free Parameters                       35

Loglikelihood

    H0 Value

        Mean                           -105231.913
        Std Dev                              0.000
        Number of successful computations        1

             Proportions                   Percentiles
        Expected    Observed         Expected       Observed
           0.990       0.000      -105231.913    -105231.913
           0.980       0.000      -105231.913    -105231.913
           0.950       0.000      -105231.913    -105231.913
           0.900       0.000      -105231.913    -105231.913
           0.800       0.000      -105231.913    -105231.913
           0.700       0.000      -105231.913    -105231.913
           0.500       0.000      -105231.913    -105231.913
           0.300       0.000      -105231.913    -105231.913
           0.200       0.000      -105231.913    -105231.913
           0.100       0.000      -105231.913    -105231.913
           0.050       0.000      -105231.913    -105231.913
           0.020       0.000      -105231.913    -105231.913
           0.010       0.000      -105231.913    -105231.913

Information Criteria

    Akaike (AIC)

        Mean                            210533.826
        Std Dev                              0.000
        Number of successful computations        1

             Proportions                   Percentiles
        Expected    Observed         Expected       Observed
           0.990       0.000       210533.826     210533.826
           0.980       0.000       210533.826     210533.826
           0.950       0.000       210533.826     210533.826
           0.900       0.000       210533.826     210533.826
           0.800       0.000       210533.826     210533.826
           0.700       0.000       210533.826     210533.826
           0.500       0.000       210533.826     210533.826
           0.300       0.000       210533.826     210533.826
           0.200       0.000       210533.826     210533.826
           0.100       0.000       210533.826     210533.826
           0.050       0.000       210533.826     210533.826
           0.020       0.000       210533.826     210533.826
           0.010       0.000       210533.826     210533.826

    Bayesian (BIC)

        Mean                            210761.928
        Std Dev                              0.000
        Number of successful computations        1

             Proportions                   Percentiles
        Expected    Observed         Expected       Observed
           0.990       0.000       210761.928     210761.928
           0.980       0.000       210761.928     210761.928
           0.950       0.000       210761.928     210761.928
           0.900       0.000       210761.928     210761.928
           0.800       0.000       210761.928     210761.928
           0.700       0.000       210761.928     210761.928
           0.500       0.000       210761.928     210761.928
           0.300       0.000       210761.928     210761.928
           0.200       0.000       210761.928     210761.928
           0.100       0.000       210761.928     210761.928
           0.050       0.000       210761.928     210761.928
           0.020       0.000       210761.928     210761.928
           0.010       0.000       210761.928     210761.928

    Sample-Size Adjusted BIC (n* = (n + 2) / 24)

        Mean                            210650.710
        Std Dev                              0.000
        Number of successful computations        1

             Proportions                   Percentiles
        Expected    Observed         Expected       Observed
           0.990       0.000       210650.710     210650.710
           0.980       0.000       210650.710     210650.710
           0.950       0.000       210650.710     210650.710
           0.900       0.000       210650.710     210650.710
           0.800       0.000       210650.710     210650.710
           0.700       0.000       210650.710     210650.710
           0.500       0.000       210650.710     210650.710
           0.300       0.000       210650.710     210650.710
           0.200       0.000       210650.710     210650.710
           0.100       0.000       210650.710     210650.710
           0.050       0.000       210650.710     210650.710
           0.020       0.000       210650.710     210650.710
           0.010       0.000       210650.710     210650.710

Chi-Square Test of Model Fit for the Binary and Ordered Categorical
(Ordinal) Outcomes

    Pearson Chi-Square

        Mean                              8320.674
        Std Dev                              0.000
        Degrees of freedom                    2024
        Number of successful computations        1

             Proportions                   Percentiles
        Expected    Observed         Expected       Observed
           0.990       1.000         1878.936       8320.674
           0.980       1.000         1895.488       8320.674
           0.950       1.000         1920.497       8320.674
           0.900       1.000         1942.903       8320.674
           0.800       1.000         1970.268       8320.674
           0.700       1.000         1990.158       8320.674
           0.500       1.000         2023.333       8320.674
           0.300       1.000         2056.875       8320.674
           0.200       1.000         2077.344       8320.674
           0.100       1.000         2105.954       8320.674
           0.050       1.000         2129.777       8320.674
           0.020       1.000         2156.803       8320.674
           0.010       1.000         2174.946       8320.674

    Likelihood Ratio Chi-Square

        Mean                              4559.460
        Std Dev                              0.000
        Degrees of freedom                    2024
        Number of successful computations        1

             Proportions                   Percentiles
        Expected    Observed         Expected       Observed
           0.990       1.000         1878.936       4559.460
           0.980       1.000         1895.488       4559.460
           0.950       1.000         1920.497       4559.460
           0.900       1.000         1942.903       4559.460
           0.800       1.000         1970.268       4559.460
           0.700       1.000         1990.158       4559.460
           0.500       1.000         2023.333       4559.460
           0.300       1.000         2056.875       4559.460
           0.200       1.000         2077.344       4559.460
           0.100       1.000         2105.954       4559.460
           0.050       1.000         2129.777       4559.460
           0.020       1.000         2156.803       4559.460
           0.010       1.000         2174.946       4559.460



FINAL CLASS COUNTS AND PROPORTIONS FOR THE LATENT CLASSES
BASED ON THE ESTIMATED MODEL

    Latent
   Classes

       1       2704.46970          0.54089
       2       2295.53030          0.45911


FINAL CLASS COUNTS AND PROPORTIONS FOR THE LATENT CLASSES
BASED ON ESTIMATED POSTERIOR PROBABILITIES

    Latent
   Classes

       1       2704.13963          0.54083
       2       2295.86037          0.45917


FINAL CLASS COUNTS AND PROPORTIONS FOR THE LATENT CLASSES
BASED ON THEIR MOST LIKELY LATENT CLASS MEMBERSHIP

Class Counts and Proportions

    Latent
   Classes

       1             2722          0.54440
       2             2278          0.45560


CLASSIFICATION QUALITY

     Entropy                         0.859


Average Latent Class Probabilities for Most Likely Latent Class Membership (Row)
by Latent Class (Column)

           1        2

    1   0.959    0.041
    2   0.042    0.958


Classification Probabilities for the Most Likely Latent Class Membership (Column)
by Latent Class (Row)

           1        2

    1   0.965    0.035
    2   0.049    0.951


Logits for the Classification Probabilities for the Most Likely Latent Class Membership (Column)
by Latent Class (Row)

              1        2

    1      3.313    0.000
    2     -2.962    0.000


MODEL RESULTS

                              ESTIMATES              S. E.     M. S. E.  95%  % Sig
                 Population   Average   Std. Dev.   Average             Cover Coeff
Latent Class 1

 Means
  Y1                 -1.000  5148.2769     0.0000    54.2832 ********** 0.000 1.000
  X1                 -1.000     9.8115     0.0000     0.0649   116.8876 0.000 1.000
  X2                 -1.000     4.9277     0.0000     0.0590    35.1372 0.000 1.000
  X3                 -1.000     3.0072     0.0000     0.0391    16.0574 0.000 1.000

 Thresholds
  U1$1               -1.000     1.3308     0.0000     0.0682     5.4326 0.000 1.000
  U2$1               -1.000     2.7587     0.0000     0.1145    14.1280 0.000 1.000
  U3$1               -1.000     4.1631     0.0000     0.1886    26.6572 0.000 1.000
  U4$1               -1.000     1.3809     0.0000     0.0681     5.6685 0.000 1.000
  U5$1               -1.000     2.9153     0.0000     0.1169    15.3294 0.000 1.000
  U6$1               -1.000     4.6239     0.0000     0.2990    31.6287 0.000 1.000
  U7$1               -1.000     1.7182     0.0000     0.0766     7.3887 0.000 1.000
  U8$1               -1.000     3.4432     0.0000     0.1486    19.7418 0.000 1.000
  U9$1               -1.000     4.7257     0.0000     0.2725    32.7837 0.000 1.000
  U10$1              -1.000     0.8012     0.0000     0.0433     3.2443 0.000 1.000
  U11$1              -1.000     0.7872     0.0000     0.0430     3.1941 0.000 1.000

 Variances
  Y1                  0.500 **********     0.0000 63012.6680 ********** 0.000 1.000
  X1                  0.500     5.7386     0.0000     0.1226    27.4432 0.000 1.000
  X2                  0.500     6.5854     0.0000     0.1419    37.0327 0.000 1.000
  X3                  0.500     3.5019     0.0000     0.0740     9.0114 0.000 1.000

Latent Class 2

 Means
  Y1                  1.000  3012.3992     0.0000    29.5996 ********** 0.000 1.000
  X1                  1.000     7.7284     0.0000     0.0513    45.2720 0.000 1.000
  X2                  1.000     6.8475     0.0000     0.0615    34.1929 0.000 1.000
  X3                  1.000     3.8711     0.0000     0.0448     8.2433 0.000 1.000

 Thresholds
  U1$1                1.000    -1.6055     0.0000     0.0777     6.7887 0.000 1.000
  U2$1                1.000    -0.2790     0.0000     0.0570     1.6357 0.000 1.000
  U3$1                1.000     0.6787     0.0000     0.0573     0.1032 0.000 1.000
  U4$1                1.000    -1.5294     0.0000     0.0769     6.3980 0.000 1.000
  U5$1                1.000    -0.2810     0.0000     0.0598     1.6410 0.000 1.000
  U6$1                1.000     0.7039     0.0000     0.0555     0.0877 0.000 1.000
  U7$1                1.000    -1.4033     0.0000     0.0784     5.7760 0.000 1.000
  U8$1                1.000    -0.0880     0.0000     0.0600     1.1837 0.000 0.000
  U9$1                1.000     0.7009     0.0000     0.0582     0.0895 0.000 1.000
  U10$1               1.000     0.5493     0.0000     0.0449     0.2032 0.000 1.000
  U11$1               1.000     0.5047     0.0000     0.0448     0.2453 0.000 1.000

 Variances
  Y1                  0.500 **********     0.0000 63012.6680 ********** 0.000 1.000
  X1                  0.500     5.7386     0.0000     0.1226    27.4432 0.000 1.000
  X2                  0.500     6.5854     0.0000     0.1419    37.0327 0.000 1.000
  X3                  0.500     3.5019     0.0000     0.0740     9.0114 0.000 1.000

Categorical Latent Variables

 Means
  C#1                 0.000     0.1639     0.0000     0.0485     0.0269 0.000 1.000


QUALITY OF NUMERICAL RESULTS

     Average Condition Number for the Information Matrix      0.530E-02
       (ratio of smallest to largest eigenvalue)


TECHNICAL 1 OUTPUT


     PARAMETER SPECIFICATION FOR LATENT CLASS 1


           NU
              U1            U2            U3            U4            U5
              ________      ________      ________      ________      ________
                    0             0             0             0             0


           NU
              U6            U7            U8            U9            U10
              ________      ________      ________      ________      ________
                    0             0             0             0             0


           NU
              U11           Y1            X1            X2            X3
              ________      ________      ________      ________      ________
                    0             1             2             3             4


           THETA
              U1            U2            U3            U4            U5
              ________      ________      ________      ________      ________
 U1                 0
 U2                 0             0
 U3                 0             0             0
 U4                 0             0             0             0
 U5                 0             0             0             0             0
 U6                 0             0             0             0             0
 U7                 0             0             0             0             0
 U8                 0             0             0             0             0
 U9                 0             0             0             0             0
 U10                0             0             0             0             0
 U11                0             0             0             0             0
 Y1                 0             0             0             0             0
 X1                 0             0             0             0             0
 X2                 0             0             0             0             0
 X3                 0             0             0             0             0


           THETA
              U6            U7            U8            U9            U10
              ________      ________      ________      ________      ________
 U6                 0
 U7                 0             0
 U8                 0             0             0
 U9                 0             0             0             0
 U10                0             0             0             0             0
 U11                0             0             0             0             0
 Y1                 0             0             0             0             0
 X1                 0             0             0             0             0
 X2                 0             0             0             0             0
 X3                 0             0             0             0             0


           THETA
              U11           Y1            X1            X2            X3
              ________      ________      ________      ________      ________
 U11                0
 Y1                 0             5
 X1                 0             0             6
 X2                 0             0             0             7
 X3                 0             0             0             0             8


     PARAMETER SPECIFICATION FOR LATENT CLASS 2


           NU
              U1            U2            U3            U4            U5
              ________      ________      ________      ________      ________
                    0             0             0             0             0


           NU
              U6            U7            U8            U9            U10
              ________      ________      ________      ________      ________
                    0             0             0             0             0


           NU
              U11           Y1            X1            X2            X3
              ________      ________      ________      ________      ________
                    0             9            10            11            12


           THETA
              U1            U2            U3            U4            U5
              ________      ________      ________      ________      ________
 U1                 0
 U2                 0             0
 U3                 0             0             0
 U4                 0             0             0             0
 U5                 0             0             0             0             0
 U6                 0             0             0             0             0
 U7                 0             0             0             0             0
 U8                 0             0             0             0             0
 U9                 0             0             0             0             0
 U10                0             0             0             0             0
 U11                0             0             0             0             0
 Y1                 0             0             0             0             0
 X1                 0             0             0             0             0
 X2                 0             0             0             0             0
 X3                 0             0             0             0             0


           THETA
              U6            U7            U8            U9            U10
              ________      ________      ________      ________      ________
 U6                 0
 U7                 0             0
 U8                 0             0             0
 U9                 0             0             0             0
 U10                0             0             0             0             0
 U11                0             0             0             0             0
 Y1                 0             0             0             0             0
 X1                 0             0             0             0             0
 X2                 0             0             0             0             0
 X3                 0             0             0             0             0


           THETA
              U11           Y1            X1            X2            X3
              ________      ________      ________      ________      ________
 U11                0
 Y1                 0             5
 X1                 0             0             6
 X2                 0             0             0             7
 X3                 0             0             0             0             8


     PARAMETER SPECIFICATION FOR LATENT CLASS INDICATOR MODEL PART


           TAU(U) FOR LATENT CLASS 1
              U1$1          U2$1          U3$1          U4$1          U5$1
              ________      ________      ________      ________      ________
                   13            14            15            16            17


           TAU(U) FOR LATENT CLASS 1
              U6$1          U7$1          U8$1          U9$1          U10$1
              ________      ________      ________      ________      ________
                   18            19            20            21            22


           TAU(U) FOR LATENT CLASS 1
              U11$1
              ________
                   23


           TAU(U) FOR LATENT CLASS 2
              U1$1          U2$1          U3$1          U4$1          U5$1
              ________      ________      ________      ________      ________
                   24            25            26            27            28


           TAU(U) FOR LATENT CLASS 2
              U6$1          U7$1          U8$1          U9$1          U10$1
              ________      ________      ________      ________      ________
                   29            30            31            32            33


           TAU(U) FOR LATENT CLASS 2
              U11$1
              ________
                   34


     PARAMETER SPECIFICATION FOR LATENT CLASS REGRESSION MODEL PART


           ALPHA(C)
              C#1           C#2
              ________      ________
                   35             0


     STARTING VALUES FOR LATENT CLASS 1


           NU
              U1            U2            U3            U4            U5
              ________      ________      ________      ________      ________
                0.000         0.000         0.000         0.000         0.000


           NU
              U6            U7            U8            U9            U10
              ________      ________      ________      ________      ________
                0.000         0.000         0.000         0.000         0.000


           NU
              U11           Y1            X1            X2            X3
              ________      ________      ________      ________      ________
                0.000        -1.000        -1.000        -1.000        -1.000


           THETA
              U1            U2            U3            U4            U5
              ________      ________      ________      ________      ________
 U1             1.000
 U2             0.000         1.000
 U3             0.000         0.000         1.000
 U4             0.000         0.000         0.000         1.000
 U5             0.000         0.000         0.000         0.000         1.000
 U6             0.000         0.000         0.000         0.000         0.000
 U7             0.000         0.000         0.000         0.000         0.000
 U8             0.000         0.000         0.000         0.000         0.000
 U9             0.000         0.000         0.000         0.000         0.000
 U10            0.000         0.000         0.000         0.000         0.000
 U11            0.000         0.000         0.000         0.000         0.000
 Y1             0.000         0.000         0.000         0.000         0.000
 X1             0.000         0.000         0.000         0.000         0.000
 X2             0.000         0.000         0.000         0.000         0.000
 X3             0.000         0.000         0.000         0.000         0.000


           THETA
              U6            U7            U8            U9            U10
              ________      ________      ________      ________      ________
 U6             1.000
 U7             0.000         1.000
 U8             0.000         0.000         1.000
 U9             0.000         0.000         0.000         1.000
 U10            0.000         0.000         0.000         0.000         1.000
 U11            0.000         0.000         0.000         0.000         0.000
 Y1             0.000         0.000         0.000         0.000         0.000
 X1             0.000         0.000         0.000         0.000         0.000
 X2             0.000         0.000         0.000         0.000         0.000
 X3             0.000         0.000         0.000         0.000         0.000


           THETA
              U11           Y1            X1            X2            X3
              ________      ________      ________      ________      ________
 U11            1.000
 Y1             0.000         0.500
 X1             0.000         0.000         0.500
 X2             0.000         0.000         0.000         0.500
 X3             0.000         0.000         0.000         0.000         0.500


     STARTING VALUES FOR LATENT CLASS 2


           NU
              U1            U2            U3            U4            U5
              ________      ________      ________      ________      ________
                0.000         0.000         0.000         0.000         0.000


           NU
              U6            U7            U8            U9            U10
              ________      ________      ________      ________      ________
                0.000         0.000         0.000         0.000         0.000


           NU
              U11           Y1            X1            X2            X3
              ________      ________      ________      ________      ________
                0.000         1.000         1.000         1.000         1.000


           THETA
              U1            U2            U3            U4            U5
              ________      ________      ________      ________      ________
 U1             1.000
 U2             0.000         1.000
 U3             0.000         0.000         1.000
 U4             0.000         0.000         0.000         1.000
 U5             0.000         0.000         0.000         0.000         1.000
 U6             0.000         0.000         0.000         0.000         0.000
 U7             0.000         0.000         0.000         0.000         0.000
 U8             0.000         0.000         0.000         0.000         0.000
 U9             0.000         0.000         0.000         0.000         0.000
 U10            0.000         0.000         0.000         0.000         0.000
 U11            0.000         0.000         0.000         0.000         0.000
 Y1             0.000         0.000         0.000         0.000         0.000
 X1             0.000         0.000         0.000         0.000         0.000
 X2             0.000         0.000         0.000         0.000         0.000
 X3             0.000         0.000         0.000         0.000         0.000


           THETA
              U6            U7            U8            U9            U10
              ________      ________      ________      ________      ________
 U6             1.000
 U7             0.000         1.000
 U8             0.000         0.000         1.000
 U9             0.000         0.000         0.000         1.000
 U10            0.000         0.000         0.000         0.000         1.000
 U11            0.000         0.000         0.000         0.000         0.000
 Y1             0.000         0.000         0.000         0.000         0.000
 X1             0.000         0.000         0.000         0.000         0.000
 X2             0.000         0.000         0.000         0.000         0.000
 X3             0.000         0.000         0.000         0.000         0.000


           THETA
              U11           Y1            X1            X2            X3
              ________      ________      ________      ________      ________
 U11            1.000
 Y1             0.000         0.500
 X1             0.000         0.000         0.500
 X2             0.000         0.000         0.000         0.500
 X3             0.000         0.000         0.000         0.000         0.500


     STARTING VALUES FOR LATENT CLASS INDICATOR MODEL PART


           TAU(U) FOR LATENT CLASS 1
              U1$1          U2$1          U3$1          U4$1          U5$1
              ________      ________      ________      ________      ________
               -1.000        -1.000        -1.000        -1.000        -1.000


           TAU(U) FOR LATENT CLASS 1
              U6$1          U7$1          U8$1          U9$1          U10$1
              ________      ________      ________      ________      ________
               -1.000        -1.000        -1.000        -1.000        -1.000


           TAU(U) FOR LATENT CLASS 1
              U11$1
              ________
               -1.000


           TAU(U) FOR LATENT CLASS 2
              U1$1          U2$1          U3$1          U4$1          U5$1
              ________      ________      ________      ________      ________
                1.000         1.000         1.000         1.000         1.000


           TAU(U) FOR LATENT CLASS 2
              U6$1          U7$1          U8$1          U9$1          U10$1
              ________      ________      ________      ________      ________
                1.000         1.000         1.000         1.000         1.000


           TAU(U) FOR LATENT CLASS 2
              U11$1
              ________
                1.000


     STARTING VALUES FOR LATENT CLASS REGRESSION MODEL PART


           ALPHA(C)
              C#1           C#2
              ________      ________
                0.000         0.000


     POPULATION VALUES FOR LATENT CLASS 1


           NU
              U1            U2            U3            U4            U5
              ________      ________      ________      ________      ________
                0.000         0.000         0.000         0.000         0.000


           NU
              U6            U7            U8            U9            U10
              ________      ________      ________      ________      ________
                0.000         0.000         0.000         0.000         0.000


           NU
              U11           Y1            X1            X2            X3
              ________      ________      ________      ________      ________
                0.000         0.000         0.000         0.000         0.000


           LAMBDA
              F1            F2            F3            F             Y1
              ________      ________      ________      ________      ________
 U1             2.600         0.000         0.000         0.000         0.000
 U2             2.200         0.000         0.000         0.000         0.000
 U3             1.900         0.000         0.000         0.000         0.000
 U4             0.000         2.600         0.000         0.000         0.000
 U5             0.000         2.200         0.000         0.000         0.000
 U6             0.000         1.900         0.000         0.000         0.000
 U7             0.000         0.000         2.900         0.000         0.000
 U8             0.000         0.000         2.300         0.000         0.000
 U9             0.000         0.000         2.100         0.000         0.000
 U10            0.100         0.000         0.000         0.000         0.000
 U11            0.100         0.000         0.000         0.000         0.000
 Y1             0.000         0.000         0.000         0.000         1.000
 X1             0.000         0.000         0.000         0.000         0.000
 X2             0.000         0.000         0.000         0.000         0.000
 X3             0.000         0.000         0.000         0.000         0.000


           LAMBDA
              X1            X2            X3
              ________      ________      ________
 U1             0.000         0.000         0.000
 U2             0.000         0.000         0.000
 U3             0.000         0.000         0.000
 U4             0.000         0.000         0.000
 U5             0.000         0.000         0.000
 U6             0.000         0.000         0.000
 U7             0.000         0.000         0.000
 U8             0.000         0.000         0.000
 U9             0.000         0.000         0.000
 U10            0.000         0.000         0.000
 U11            0.000         0.000         0.000
 Y1             0.000         0.000         0.000
 X1             1.000         0.000         0.000
 X2             0.000         1.000         0.000
 X3             0.000         0.000         1.000


           THETA
              U1            U2            U3            U4            U5
              ________      ________      ________      ________      ________
 U1             0.000
 U2             0.000         0.000
 U3             0.000         0.000         0.000
 U4             0.000         0.000         0.000         0.000
 U5             0.000         0.000         0.000         0.000         0.000
 U6             0.000         0.000         0.000         0.000         0.000
 U7             0.000         0.000         0.000         0.000         0.000
 U8             0.000         0.000         0.000         0.000         0.000
 U9             0.000         0.000         0.000         0.000         0.000
 U10            0.000         0.000         0.000         0.000         0.000
 U11            0.000         0.000         0.000         0.000         0.000
 Y1             0.000         0.000         0.000         0.000         0.000
 X1             0.000         0.000         0.000         0.000         0.000
 X2             0.000         0.000         0.000         0.000         0.000
 X3             0.000         0.000         0.000         0.000         0.000


           THETA
              U6            U7            U8            U9            U10
              ________      ________      ________      ________      ________
 U6             0.000
 U7             0.000         0.000
 U8             0.000         0.000         0.000
 U9             0.000         0.000         0.000         0.000
 U10            0.000         0.000         0.000         0.000         0.000
 U11            0.000         0.000         0.000         0.000         0.000
 Y1             0.000         0.000         0.000         0.000         0.000
 X1             0.000         0.000         0.000         0.000         0.000
 X2             0.000         0.000         0.000         0.000         0.000
 X3             0.000         0.000         0.000         0.000         0.000


           THETA
              U11           Y1            X1            X2            X3
              ________      ________      ________      ________      ________
 U11            0.000
 Y1             0.000         0.000
 X1             0.000         0.000         0.000
 X2             0.000         0.000         0.000         0.000
 X3             0.000         0.000         0.000         0.000         0.000


           ALPHA
              F1            F2            F3            F             Y1
              ________      ________      ________      ________      ________
                0.000         0.000         0.000         0.000      6000.000


           ALPHA
              X1            X2            X3
              ________      ________      ________
               11.000         4.000         2.500


           BETA
              F1            F2            F3            F             Y1
              ________      ________      ________      ________      ________
 F1             0.000         0.000         0.000         1.100         0.000
 F2             0.000         0.000         0.000         1.100         0.000
 F3             0.000         0.000         0.000         1.100         0.000
 F              0.000         0.000         0.000         0.000         0.000
 Y1             0.000         0.000         0.000         0.000         0.000
 X1             0.000         0.000         0.000         0.000         0.000
 X2             0.000         0.000         0.000         0.000         0.000
 X3             0.000         0.000         0.000         0.000         0.000


           BETA
              X1            X2            X3
              ________      ________      ________
 F1             0.000         0.000         0.000
 F2             0.000         0.000         0.000
 F3             0.000         0.000         0.000
 F             -0.050         0.050         0.000
 Y1             0.000         0.000         0.000
 X1             0.000         0.000         0.000
 X2             0.000         0.000         0.000
 X3             0.000         0.000         0.000


           PSI
              F1            F2            F3            F             Y1
              ________      ________      ________      ________      ________
 F1             1.000
 F2             0.000         1.000
 F3             0.000         0.000         1.000
 F              0.000         0.000         0.000         1.000
 Y1             0.000         0.000         0.000         0.000   2500000.000
 X1             0.000         0.000         0.000         0.000         0.000
 X2             0.000         0.000         0.000         0.000         0.000
 X3             0.000         0.000         0.000         0.000         0.000


           PSI
              X1            X2            X3
              ________      ________      ________
 X1             4.000
 X2             0.000         3.000
 X3            -0.600         0.000         2.000


     POPULATION VALUES FOR LATENT CLASS 2


           NU
              U1            U2            U3            U4            U5
              ________      ________      ________      ________      ________
                0.000         0.000         0.000         0.000         0.000


           NU
              U6            U7            U8            U9            U10
              ________      ________      ________      ________      ________
                0.000         0.000         0.000         0.000         0.000


           NU
              U11           Y1            X1            X2            X3
              ________      ________      ________      ________      ________
                0.000         0.000         0.000         0.000         0.000


           LAMBDA
              F1            F2            F3            F             Y1
              ________      ________      ________      ________      ________
 U1             2.600         0.000         0.000         0.000         0.000
 U2             2.200         0.000         0.000         0.000         0.000
 U3             1.900         0.000         0.000         0.000         0.000
 U4             0.000         2.600         0.000         0.000         0.000
 U5             0.000         2.200         0.000         0.000         0.000
 U6             0.000         1.900         0.000         0.000         0.000
 U7             0.000         0.000         2.900         0.000         0.000
 U8             0.000         0.000         2.300         0.000         0.000
 U9             0.000         0.000         2.100         0.000         0.000
 U10            0.100         0.000         0.000         0.000         0.000
 U11            0.100         0.000         0.000         0.000         0.000
 Y1             0.000         0.000         0.000         0.000         1.000
 X1             0.000         0.000         0.000         0.000         0.000
 X2             0.000         0.000         0.000         0.000         0.000
 X3             0.000         0.000         0.000         0.000         0.000


           LAMBDA
              X1            X2            X3
              ________      ________      ________
 U1             0.000         0.000         0.000
 U2             0.000         0.000         0.000
 U3             0.000         0.000         0.000
 U4             0.000         0.000         0.000
 U5             0.000         0.000         0.000
 U6             0.000         0.000         0.000
 U7             0.000         0.000         0.000
 U8             0.000         0.000         0.000
 U9             0.000         0.000         0.000
 U10            0.000         0.000         0.000
 U11            0.000         0.000         0.000
 Y1             0.000         0.000         0.000
 X1             1.000         0.000         0.000
 X2             0.000         1.000         0.000
 X3             0.000         0.000         1.000


           THETA
              U1            U2            U3            U4            U5
              ________      ________      ________      ________      ________
 U1             0.000
 U2             0.000         0.000
 U3             0.000         0.000         0.000
 U4             0.000         0.000         0.000         0.000
 U5             0.000         0.000         0.000         0.000         0.000
 U6             0.000         0.000         0.000         0.000         0.000
 U7             0.000         0.000         0.000         0.000         0.000
 U8             0.000         0.000         0.000         0.000         0.000
 U9             0.000         0.000         0.000         0.000         0.000
 U10            0.000         0.000         0.000         0.000         0.000
 U11            0.000         0.000         0.000         0.000         0.000
 Y1             0.000         0.000         0.000         0.000         0.000
 X1             0.000         0.000         0.000         0.000         0.000
 X2             0.000         0.000         0.000         0.000         0.000
 X3             0.000         0.000         0.000         0.000         0.000


           THETA
              U6            U7            U8            U9            U10
              ________      ________      ________      ________      ________
 U6             0.000
 U7             0.000         0.000
 U8             0.000         0.000         0.000
 U9             0.000         0.000         0.000         0.000
 U10            0.000         0.000         0.000         0.000         0.000
 U11            0.000         0.000         0.000         0.000         0.000
 Y1             0.000         0.000         0.000         0.000         0.000
 X1             0.000         0.000         0.000         0.000         0.000
 X2             0.000         0.000         0.000         0.000         0.000
 X3             0.000         0.000         0.000         0.000         0.000


           THETA
              U11           Y1            X1            X2            X3
              ________      ________      ________      ________      ________
 U11            0.000
 Y1             0.000         0.000
 X1             0.000         0.000         0.000
 X2             0.000         0.000         0.000         0.000
 X3             0.000         0.000         0.000         0.000         0.000


           ALPHA
              F1            F2            F3            F             Y1
              ________      ________      ________      ________      ________
                0.000         0.000         0.000         0.000      3000.000


           ALPHA
              X1            X2            X3
              ________      ________      ________
                7.500         7.000         4.000


           BETA
              F1            F2            F3            F             Y1
              ________      ________      ________      ________      ________
 F1             0.000         0.000         0.000         1.100         0.000
 F2             0.000         0.000         0.000         1.100         0.000
 F3             0.000         0.000         0.000         1.100         0.000
 F              0.000         0.000         0.000         0.000         0.000
 Y1             0.000         0.000         0.000         0.000         0.000
 X1             0.000         0.000         0.000         0.000         0.000
 X2             0.000         0.000         0.000         0.000         0.000
 X3             0.000         0.000         0.000         0.000         0.000


           BETA
              X1            X2            X3
              ________      ________      ________
 F1             0.000         0.000         0.000
 F2             0.000         0.000         0.000
 F3             0.000         0.000         0.000
 F             -0.050         0.050         0.000
 Y1             0.000         0.000         0.000
 X1             0.000         0.000         0.000
 X2             0.000         0.000         0.000
 X3             0.000         0.000         0.000


           PSI
              F1            F2            F3            F             Y1
              ________      ________      ________      ________      ________
 F1             1.000
 F2             0.000         1.000
 F3             0.000         0.000         1.000
 F              0.000         0.000         0.000         1.000
 Y1             0.000         0.000         0.000         0.000   1000000.000
 X1             0.000         0.000         0.000         0.000         0.000
 X2             0.000         0.000         0.000         0.000         0.000
 X3             0.000         0.000         0.000         0.000         0.000


           PSI
              X1            X2            X3
              ________      ________      ________
 X1             4.000
 X2             0.000         7.000
 X3            -0.600         0.000         4.000


     POPULATION VALUES FOR LATENT CLASS INDICATOR MODEL PART


           TAU(U) FOR LATENT CLASS 1
              U1$1          U2$1          U3$1          U4$1          U5$1
              ________      ________      ________      ________      ________
               -5.000        -2.000         0.100        -4.800        -1.800


           TAU(U) FOR LATENT CLASS 1
              U6$1          U7$1          U8$1          U9$1          U10$1
              ________      ________      ________      ________      ________
                0.100        -4.900        -1.500         0.100         0.500


           TAU(U) FOR LATENT CLASS 1
              U11$1
              ________
                0.500


           TAU(U) FOR LATENT CLASS 2
              U1$1          U2$1          U3$1          U4$1          U5$1
              ________      ________      ________      ________      ________
               -5.000        -2.000         0.100        -4.800        -1.800


           TAU(U) FOR LATENT CLASS 2
              U6$1          U7$1          U8$1          U9$1          U10$1
              ________      ________      ________      ________      ________
                0.100        -4.900        -1.500         0.100         0.500


           TAU(U) FOR LATENT CLASS 2
              U11$1
              ________
                0.500


     POPULATION VALUES FOR LATENT CLASS REGRESSION MODEL PART


           ALPHA(C)
              C#1           C#2
              ________      ________
               -0.400         0.000


           GAMMA(C)
              F1            F2            F3            F             Y1
              ________      ________      ________      ________      ________
 C#1            0.000         0.000         0.000         0.000         0.000
 C#2            0.000         0.000         0.000         0.000         0.000


           GAMMA(C)
              X1            X2            X3
              ________      ________      ________
 C#1            0.000         0.000         0.000
 C#2            0.000         0.000         0.000


SAVEDATA INFORMATION

  Order of variables

    U1
    U2
    U3
    U4
    U5
    U6
    U7
    U8
    U9
    U10
    U11
    Y1
    X1
    X2
    X3
    C

  Save file
    Rel_MD_data_1_*.dat

  Save file format           Free
  Save file record length    10000


     Beginning Time:  13:42:23
        Ending Time:  13:42:23
       Elapsed Time:  00:00:00



MUTHEN & MUTHEN
3463 Stoner Ave.
Los Angeles, CA  90066

Tel: (310) 391-9971
Fax: (310) 391-8971
Web: www.StatModel.com
Support: Support@StatModel.com

Copyright (c) 1998-2017 Muthen & Muthen
